;  LST file generated by mikroListExporter - v.2.0 
; Date/Time: 29/04/2017 06:14:00
;----------------------------------------------

;Address Opcode 	ASM
0x0000	0x2C72      	GOTO       1138
_Delay_50us:
;__Lib_Delays.c,19 :: 		void Delay_50us() {
;__Lib_Delays.c,20 :: 		Delay_us(50);
0x0003	0x3021      	MOVLW      33
0x0004	0x1283      	BCF        STATUS, 5
0x0005	0x1303      	BCF        STATUS, 6
0x0006	0x00FD      	MOVWF      R13
L_Delay_50us2:
0x0007	0x0BFD      	DECFSZ     R13, 1
0x0008	0x2807      	GOTO       L_Delay_50us2
;__Lib_Delays.c,21 :: 		}
L_end_Delay_50us:
0x0009	0x0008      	RETURN
; end of _Delay_50us
_RES032:
;__Lib_MathDouble.c,123 :: 		
;__Lib_MathDouble.c,128 :: 		
0x000A	0x01F2      	CLRF       R2
;__Lib_MathDouble.c,129 :: 		
0x000B	0x01F1      	CLRF       R1
;__Lib_MathDouble.c,130 :: 		
0x000C	0x01F0      	CLRF       R0
;__Lib_MathDouble.c,131 :: 		
0x000D	0x01F8      	CLRF       R8
;__Lib_MathDouble.c,132 :: 		
0x000E	0x01F3      	CLRF       R3
;__Lib_MathDouble.c,133 :: 		
0x000F	0x3000      	MOVLW      0
;__Lib_MathDouble.c,135 :: 		
L_end_RES032:
0x0010	0x0008      	RETURN
; end of _RES032
_SETFUN32:
;__Lib_MathDouble.c,138 :: 		
;__Lib_MathDouble.c,145 :: 		
0x0011	0x157B      	BSF        R11, 2
;__Lib_MathDouble.c,146 :: 		
0x0012	0x1FFB      	BTFSS      R11, 7
;__Lib_MathDouble.c,147 :: 		
0x0013	0x281B      	GOTO       SETFUN32EEE
;__Lib_MathDouble.c,148 :: 		
0x0014	0x3001      	MOVLW      1
;__Lib_MathDouble.c,149 :: 		
0x0015	0x00F3      	MOVWF      R3
;__Lib_MathDouble.c,150 :: 		
0x0016	0x01F2      	CLRF       R2
;__Lib_MathDouble.c,151 :: 		
0x0017	0x01F1      	CLRF       R1
;__Lib_MathDouble.c,152 :: 		
0x0018	0x01F0      	CLRF       R0
;__Lib_MathDouble.c,153 :: 		
0x0019	0x0DFA      	RLF        R10, 1
;__Lib_MathDouble.c,154 :: 		
0x001A	0x0CF2      	RRF        R2, 1
;__Lib_MathDouble.c,155 :: 		
SETFUN32EEE:
;__Lib_MathDouble.c,156 :: 		
0x001B	0x30FF      	MOVLW      255
;__Lib_MathDouble.c,158 :: 		
L_end_SETFUN32:
0x001C	0x0008      	RETURN
; end of _SETFUN32
_Delay_1us:
;__Lib_Delays.c,7 :: 		void Delay_1us() {
;__Lib_Delays.c,8 :: 		Delay_us(1);
0x001D	0x0000      	NOP
0x001E	0x0000      	NOP
;__Lib_Delays.c,9 :: 		}
L_end_Delay_1us:
0x001F	0x0008      	RETURN
; end of _Delay_1us
_FIXSIGN32:
;__Lib_MathDouble.c,112 :: 		
;__Lib_MathDouble.c,116 :: 		
0x0020	0x1FFA      	BTFSS      R10, 7
;__Lib_MathDouble.c,117 :: 		
0x0021	0x13F2      	BCF        R2, 7
;__Lib_MathDouble.c,118 :: 		
0x0022	0x3000      	MOVLW      0
;__Lib_MathDouble.c,120 :: 		
L_end_FIXSIGN32:
0x0023	0x0008      	RETURN
; end of _FIXSIGN32
_Delay_5500us:
;__Lib_Delays.c,31 :: 		void Delay_5500us() {
;__Lib_Delays.c,32 :: 		Delay_us(5500);
0x0024	0x300F      	MOVLW      15
0x0025	0x1283      	BCF        STATUS, 5
0x0026	0x1303      	BCF        STATUS, 6
0x0027	0x00FC      	MOVWF      R12
0x0028	0x3047      	MOVLW      71
0x0029	0x00FD      	MOVWF      R13
L_Delay_5500us5:
0x002A	0x0BFD      	DECFSZ     R13, 1
0x002B	0x282A      	GOTO       L_Delay_5500us5
0x002C	0x0BFC      	DECFSZ     R12, 1
0x002D	0x282A      	GOTO       L_Delay_5500us5
0x002E	0x0000      	NOP
0x002F	0x0000      	NOP
;__Lib_Delays.c,33 :: 		}
L_end_Delay_5500us:
0x0030	0x0008      	RETURN
; end of _Delay_5500us
_Div_16x16_S_L:
;__Lib_Math.c,420 :: 		
;__Lib_Math.c,426 :: 		
0x0031	0x0D71      	RLF        R1, 0
;__Lib_Math.c,427 :: 		
0x0032	0x0DF8      	RLF        R8, 1
;__Lib_Math.c,428 :: 		
0x0033	0x0DF9      	RLF        R9, 1
;__Lib_Math.c,429 :: 		
0x0034	0x0874      	MOVF       R4, 0
;__Lib_Math.c,430 :: 		
0x0035	0x02F8      	SUBWF      R8, 1
;__Lib_Math.c,431 :: 		
0x0036	0x0875      	MOVF       R5, 0
;__Lib_Math.c,432 :: 		
0x0037	0x1C03      	BTFSS      STATUS, 0
;__Lib_Math.c,433 :: 		
0x0038	0x0F75      	INCFSZ     R5, 0
;__Lib_Math.c,434 :: 		
0x0039	0x02F9      	SUBWF      R9, 1
;__Lib_Math.c,435 :: 		
0x003A	0x0DF0      	RLF        R0, 1
;__Lib_Math.c,436 :: 		
0x003B	0x0DF1      	RLF        R1, 1
;__Lib_Math.c,438 :: 		
0x003C	0x300F      	MOVLW      15
;__Lib_Math.c,439 :: 		
0x003D	0x00FC      	MOVWF      R12
;__Lib_Math.c,441 :: 		
0x003E	0x0D71      	RLF        R1, 0
;__Lib_Math.c,442 :: 		
0x003F	0x0DF8      	RLF        R8, 1
;__Lib_Math.c,443 :: 		
0x0040	0x0DF9      	RLF        R9, 1
;__Lib_Math.c,444 :: 		
0x0041	0x0874      	MOVF       R4, 0
;__Lib_Math.c,446 :: 		
0x0042	0x1C70      	BTFSS      R0, 0
;__Lib_Math.c,447 :: 		
0x0043	0x284A      	GOTO       $+7
;__Lib_Math.c,448 :: 		
0x0044	0x02F8      	SUBWF      R8, 1
;__Lib_Math.c,449 :: 		
0x0045	0x0875      	MOVF       R5, 0
;__Lib_Math.c,450 :: 		
0x0046	0x1C03      	BTFSS      STATUS, 0
;__Lib_Math.c,451 :: 		
0x0047	0x0F75      	INCFSZ     R5, 0
;__Lib_Math.c,452 :: 		
0x0048	0x02F9      	SUBWF      R9, 1
;__Lib_Math.c,453 :: 		
0x0049	0x284F      	GOTO       $+6
;__Lib_Math.c,455 :: 		
0x004A	0x07F8      	ADDWF      R8, 1
;__Lib_Math.c,456 :: 		
0x004B	0x0875      	MOVF       R5, 0
;__Lib_Math.c,457 :: 		
0x004C	0x1803      	BTFSC      STATUS, 0
;__Lib_Math.c,458 :: 		
0x004D	0x0F75      	INCFSZ     R5, 0
;__Lib_Math.c,459 :: 		
0x004E	0x07F9      	ADDWF      R9, 1
;__Lib_Math.c,461 :: 		
0x004F	0x0DF0      	RLF        R0, 1
;__Lib_Math.c,462 :: 		
0x0050	0x0DF1      	RLF        R1, 1
;__Lib_Math.c,464 :: 		
0x0051	0x0BFC      	DECFSZ     R12, 1
;__Lib_Math.c,465 :: 		
0x0052	0x283E      	GOTO       $-20
;__Lib_Math.c,467 :: 		
0x0053	0x1870      	BTFSC      R0, 0
;__Lib_Math.c,468 :: 		
0x0054	0x285B      	GOTO       $+7
;__Lib_Math.c,469 :: 		
0x0055	0x0874      	MOVF       R4, 0
;__Lib_Math.c,470 :: 		
0x0056	0x07F8      	ADDWF      R8, 1
;__Lib_Math.c,471 :: 		
0x0057	0x0875      	MOVF       R5, 0
;__Lib_Math.c,472 :: 		
0x0058	0x1803      	BTFSC      STATUS, 0
;__Lib_Math.c,473 :: 		
0x0059	0x0F75      	INCFSZ     R5, 0
;__Lib_Math.c,474 :: 		
0x005A	0x07F9      	ADDWF      R9, 1
;__Lib_Math.c,475 :: 		
0x005B	0x0000      	NOP
;__Lib_Math.c,477 :: 		
L_end_Div_16x16_S_L:
0x005C	0x0008      	RETURN
; end of _Div_16x16_S_L
_SETFDZ32:
;__Lib_MathDouble.c,102 :: 		
;__Lib_MathDouble.c,105 :: 		
0x005D	0x15FB      	BSF        R11, 3
;__Lib_MathDouble.c,106 :: 		
0x005E	0x30FF      	MOVLW      255
;__Lib_MathDouble.c,108 :: 		
L_end_SETFDZ32:
0x005F	0x0008      	RETURN
; end of _SETFDZ32
_SETIOV3224:
;__Lib_MathDouble.c,1000 :: 		
;__Lib_MathDouble.c,1006 :: 		
0x0060	0x147B      	BSF        R11, 0
;__Lib_MathDouble.c,1007 :: 		
0x0061	0x1FFB      	BTFSS      R11, 7
;__Lib_MathDouble.c,1008 :: 		
0x0062	0x286B      	GOTO       SETIOV3224EEE
;__Lib_MathDouble.c,1010 :: 		
0x0063	0x01F2      	CLRF       R2
;__Lib_MathDouble.c,1011 :: 		
0x0064	0x1FFA      	BTFSS      R10, 7
;__Lib_MathDouble.c,1012 :: 		
0x0065	0x30FF      	MOVLW      255
;__Lib_MathDouble.c,1013 :: 		
0x0066	0x00F2      	MOVWF      R2
;__Lib_MathDouble.c,1014 :: 		
0x0067	0x00F1      	MOVWF      R1
;__Lib_MathDouble.c,1015 :: 		
0x0068	0x00F0      	MOVWF      R0
;__Lib_MathDouble.c,1016 :: 		
0x0069	0x0DFA      	RLF        R10, 1
;__Lib_MathDouble.c,1017 :: 		
0x006A	0x0CF2      	RRF        R2, 1
;__Lib_MathDouble.c,1018 :: 		
SETIOV3224EEE:
;__Lib_MathDouble.c,1019 :: 		
0x006B	0x30FF      	MOVLW      255
;__Lib_MathDouble.c,1021 :: 		
L_end_SETIOV3224:
0x006C	0x0008      	RETURN
; end of _SETIOV3224
_Lcd_Cmd:
;__Lib_Lcd.c,18 :: 		
;__Lib_Lcd.c,20 :: 		
0x006D	0x1283      	BCF        STATUS, 5
0x006E	0x1303      	BCF        STATUS, 6
0x006F	0x1BDF      	BTFSC      FARG_Lcd_Cmd_out_char, 7
0x0070	0x2873      	GOTO       L__Lcd_Cmd21
0x0071	0x1286      	BCF        LCD_D7, BitPos(LCD_D7+0)
0x0072	0x2874      	GOTO       L__Lcd_Cmd22
L__Lcd_Cmd21:
0x0073	0x1686      	BSF        LCD_D7, BitPos(LCD_D7+0)
L__Lcd_Cmd22:
;__Lib_Lcd.c,21 :: 		
0x0074	0x1B5F      	BTFSC      FARG_Lcd_Cmd_out_char, 6
0x0075	0x2878      	GOTO       L__Lcd_Cmd23
0x0076	0x1206      	BCF        LCD_D6, BitPos(LCD_D6+0)
0x0077	0x2879      	GOTO       L__Lcd_Cmd24
L__Lcd_Cmd23:
0x0078	0x1606      	BSF        LCD_D6, BitPos(LCD_D6+0)
L__Lcd_Cmd24:
;__Lib_Lcd.c,22 :: 		
0x0079	0x1ADF      	BTFSC      FARG_Lcd_Cmd_out_char, 5
0x007A	0x287D      	GOTO       L__Lcd_Cmd25
0x007B	0x1186      	BCF        LCD_D5, BitPos(LCD_D5+0)
0x007C	0x287E      	GOTO       L__Lcd_Cmd26
L__Lcd_Cmd25:
0x007D	0x1586      	BSF        LCD_D5, BitPos(LCD_D5+0)
L__Lcd_Cmd26:
;__Lib_Lcd.c,23 :: 		
0x007E	0x1A5F      	BTFSC      FARG_Lcd_Cmd_out_char, 4
0x007F	0x2882      	GOTO       L__Lcd_Cmd27
0x0080	0x1106      	BCF        LCD_D4, BitPos(LCD_D4+0)
0x0081	0x2883      	GOTO       L__Lcd_Cmd28
L__Lcd_Cmd27:
0x0082	0x1506      	BSF        LCD_D4, BitPos(LCD_D4+0)
L__Lcd_Cmd28:
;__Lib_Lcd.c,25 :: 		
0x0083	0x1848      	BTFSC      __Lib_Lcd_cmd_status, BitPos(__Lib_Lcd_cmd_status+0)
0x0084	0x2887      	GOTO       L__Lcd_Cmd29
0x0085	0x1406      	BSF        LCD_RS, BitPos(LCD_RS+0)
0x0086	0x2888      	GOTO       L__Lcd_Cmd30
L__Lcd_Cmd29:
0x0087	0x1006      	BCF        LCD_RS, BitPos(LCD_RS+0)
L__Lcd_Cmd30:
;__Lib_Lcd.c,28 :: 		
0x0088	0x1486      	BSF        LCD_EN, BitPos(LCD_EN+0)
;__Lib_Lcd.c,29 :: 		
0x0089	0x201D      	CALL       _Delay_1us
;__Lib_Lcd.c,30 :: 		
0x008A	0x1086      	BCF        LCD_EN, BitPos(LCD_EN+0)
;__Lib_Lcd.c,33 :: 		
0x008B	0x19DF      	BTFSC      FARG_Lcd_Cmd_out_char, 3
0x008C	0x288F      	GOTO       L__Lcd_Cmd31
0x008D	0x1286      	BCF        LCD_D7, BitPos(LCD_D7+0)
0x008E	0x2890      	GOTO       L__Lcd_Cmd32
L__Lcd_Cmd31:
0x008F	0x1686      	BSF        LCD_D7, BitPos(LCD_D7+0)
L__Lcd_Cmd32:
;__Lib_Lcd.c,34 :: 		
0x0090	0x195F      	BTFSC      FARG_Lcd_Cmd_out_char, 2
0x0091	0x2894      	GOTO       L__Lcd_Cmd33
0x0092	0x1206      	BCF        LCD_D6, BitPos(LCD_D6+0)
0x0093	0x2895      	GOTO       L__Lcd_Cmd34
L__Lcd_Cmd33:
0x0094	0x1606      	BSF        LCD_D6, BitPos(LCD_D6+0)
L__Lcd_Cmd34:
;__Lib_Lcd.c,35 :: 		
0x0095	0x18DF      	BTFSC      FARG_Lcd_Cmd_out_char, 1
0x0096	0x2899      	GOTO       L__Lcd_Cmd35
0x0097	0x1186      	BCF        LCD_D5, BitPos(LCD_D5+0)
0x0098	0x289A      	GOTO       L__Lcd_Cmd36
L__Lcd_Cmd35:
0x0099	0x1586      	BSF        LCD_D5, BitPos(LCD_D5+0)
L__Lcd_Cmd36:
;__Lib_Lcd.c,36 :: 		
0x009A	0x185F      	BTFSC      FARG_Lcd_Cmd_out_char, 0
0x009B	0x289E      	GOTO       L__Lcd_Cmd37
0x009C	0x1106      	BCF        LCD_D4, BitPos(LCD_D4+0)
0x009D	0x289F      	GOTO       L__Lcd_Cmd38
L__Lcd_Cmd37:
0x009E	0x1506      	BSF        LCD_D4, BitPos(LCD_D4+0)
L__Lcd_Cmd38:
;__Lib_Lcd.c,38 :: 		
0x009F	0x1848      	BTFSC      __Lib_Lcd_cmd_status, BitPos(__Lib_Lcd_cmd_status+0)
0x00A0	0x28A3      	GOTO       L__Lcd_Cmd39
0x00A1	0x1406      	BSF        LCD_RS, BitPos(LCD_RS+0)
0x00A2	0x28A4      	GOTO       L__Lcd_Cmd40
L__Lcd_Cmd39:
0x00A3	0x1006      	BCF        LCD_RS, BitPos(LCD_RS+0)
L__Lcd_Cmd40:
;__Lib_Lcd.c,40 :: 		
0x00A4	0x1486      	BSF        LCD_EN, BitPos(LCD_EN+0)
;__Lib_Lcd.c,41 :: 		
0x00A5	0x201D      	CALL       _Delay_1us
;__Lib_Lcd.c,42 :: 		
0x00A6	0x1086      	BCF        LCD_EN, BitPos(LCD_EN+0)
;__Lib_Lcd.c,44 :: 		
0x00A7	0x1C48      	BTFSS      __Lib_Lcd_cmd_status, BitPos(__Lib_Lcd_cmd_status+0)
0x00A8	0x28AB      	GOTO       L_Lcd_Cmd0
;__Lib_Lcd.c,45 :: 		
0x00A9	0x2024      	CALL       _Delay_5500us
0x00AA	0x28AC      	GOTO       L_Lcd_Cmd1
L_Lcd_Cmd0:
;__Lib_Lcd.c,47 :: 		
0x00AB	0x2003      	CALL       _Delay_50us
L_Lcd_Cmd1:
;__Lib_Lcd.c,48 :: 		
L_end_Lcd_Cmd:
0x00AC	0x0008      	RETURN
; end of _Lcd_Cmd
_Delay_22us:
;__Lib_Delays.c,15 :: 		void Delay_22us() {
;__Lib_Delays.c,16 :: 		Delay_us(22);
0x00AD	0x300E      	MOVLW      14
0x00AE	0x1283      	BCF        STATUS, 5
0x00AF	0x1303      	BCF        STATUS, 6
0x00B0	0x00FD      	MOVWF      R13
L_Delay_22us1:
0x00B1	0x0BFD      	DECFSZ     R13, 1
0x00B2	0x28B1      	GOTO       L_Delay_22us1
0x00B3	0x0000      	NOP
;__Lib_Delays.c,17 :: 		}
L_end_Delay_22us:
0x00B4	0x0008      	RETURN
; end of _Delay_22us
_NRM3232:
;__Lib_MathDouble.c,167 :: 		
;__Lib_MathDouble.c,173 :: 		
;__Lib_MathDouble.c,175 :: 		
0x00B5	0x01A0      	CLRF       __math_tempbD
;__Lib_MathDouble.c,176 :: 		
0x00B6	0x0872      	MOVF       R2, 0
;__Lib_MathDouble.c,177 :: 		
0x00B7	0x1D03      	BTFSS      STATUS, 2
;__Lib_MathDouble.c,178 :: 		
0x00B8	0x28CA      	GOTO       NORM3232
;__Lib_MathDouble.c,179 :: 		
0x00B9	0x0871      	MOVF       R1, 0
;__Lib_MathDouble.c,180 :: 		
0x00BA	0x00F2      	MOVWF      R2
;__Lib_MathDouble.c,181 :: 		
0x00BB	0x0870      	MOVF       R0, 0
;__Lib_MathDouble.c,182 :: 		
0x00BC	0x00F1      	MOVWF      R1
;__Lib_MathDouble.c,183 :: 		
0x00BD	0x01F0      	CLRF       R0
;__Lib_MathDouble.c,184 :: 		
0x00BE	0x15A0      	BSF        __math_tempbD, 3
;__Lib_MathDouble.c,186 :: 		
0x00BF	0x0872      	MOVF       R2, 0
;__Lib_MathDouble.c,187 :: 		
0x00C0	0x1D03      	BTFSS      STATUS, 2
;__Lib_MathDouble.c,188 :: 		
0x00C1	0x28CA      	GOTO       NORM3232
;__Lib_MathDouble.c,189 :: 		
0x00C2	0x0871      	MOVF       R1, 0
;__Lib_MathDouble.c,190 :: 		
0x00C3	0x00F2      	MOVWF      R2
;__Lib_MathDouble.c,191 :: 		
0x00C4	0x01F1      	CLRF       R1
;__Lib_MathDouble.c,192 :: 		
0x00C5	0x11A0      	BCF        __math_tempbD, 3
;__Lib_MathDouble.c,193 :: 		
0x00C6	0x1620      	BSF        __math_tempbD, 4
;__Lib_MathDouble.c,195 :: 		
0x00C7	0x0872      	MOVF       R2, 0
;__Lib_MathDouble.c,196 :: 		
0x00C8	0x1903      	BTFSC      STATUS, 2
;__Lib_MathDouble.c,197 :: 		
0x00C9	0x28D8      	GOTO       JPNRES032
;__Lib_MathDouble.c,198 :: 		
NORM3232:
;__Lib_MathDouble.c,199 :: 		
0x00CA	0x0820      	MOVF       __math_tempbD, 0
;__Lib_MathDouble.c,200 :: 		
0x00CB	0x02F3      	SUBWF      R3, 1
;__Lib_MathDouble.c,201 :: 		
0x00CC	0x1D03      	BTFSS      STATUS, 2
;__Lib_MathDouble.c,202 :: 		
0x00CD	0x1C03      	BTFSS      STATUS, 0
;__Lib_MathDouble.c,203 :: 		
0x00CE	0x28DC      	GOTO       JPNSETFUN32
;__Lib_MathDouble.c,204 :: 		
0x00CF	0x1003      	BCF        STATUS, 0
;__Lib_MathDouble.c,205 :: 		
NORM3232A:
;__Lib_MathDouble.c,206 :: 		
0x00D0	0x1BF2      	BTFSC      R2, 7
;__Lib_MathDouble.c,207 :: 		
0x00D1	0x28E0      	GOTO       JMPNFIXSIGN32
;__Lib_MathDouble.c,208 :: 		
0x00D2	0x0DF0      	RLF        R0, 1
;__Lib_MathDouble.c,209 :: 		
0x00D3	0x0DF1      	RLF        R1, 1
;__Lib_MathDouble.c,210 :: 		
0x00D4	0x0DF2      	RLF        R2, 1
;__Lib_MathDouble.c,211 :: 		
0x00D5	0x0BF3      	DECFSZ     R3, 1
;__Lib_MathDouble.c,212 :: 		
0x00D6	0x28D0      	GOTO       NORM3232A
;__Lib_MathDouble.c,213 :: 		
0x00D7	0x28DC      	GOTO       JPNSETFUN32
;__Lib_MathDouble.c,214 :: 		
JPNRES032:
;__Lib_MathDouble.c,215 :: 		
0x00D8	0x3001      	MOVLW      1
;__Lib_MathDouble.c,216 :: 		
0x00D9	0x00FC      	MOVWF      R12
;__Lib_MathDouble.c,218 :: 		
0x00DA	0x200A      	CALL       _RES032
;__Lib_MathDouble.c,220 :: 		
0x00DB	0x28E3      	GOTO       NORM32EEE
;__Lib_MathDouble.c,221 :: 		
JPNSETFUN32:
;__Lib_MathDouble.c,222 :: 		
0x00DC	0x3002      	MOVLW      2
;__Lib_MathDouble.c,223 :: 		
0x00DD	0x00FC      	MOVWF      R12
;__Lib_MathDouble.c,225 :: 		
0x00DE	0x2011      	CALL       _SETFUN32
;__Lib_MathDouble.c,227 :: 		
0x00DF	0x28E3      	GOTO       NORM32EEE
;__Lib_MathDouble.c,228 :: 		
JMPNFIXSIGN32:
;__Lib_MathDouble.c,229 :: 		
0x00E0	0x3004      	MOVLW      4
;__Lib_MathDouble.c,230 :: 		
0x00E1	0x00FC      	MOVWF      R12
;__Lib_MathDouble.c,232 :: 		
0x00E2	0x2020      	CALL       _FIXSIGN32
;__Lib_MathDouble.c,234 :: 		
NORM32EEE:
;__Lib_MathDouble.c,236 :: 		
L_end_NRM3232:
0x00E3	0x0008      	RETURN
; end of _NRM3232
_SETFOV32:
;__Lib_MathDouble.c,79 :: 		
;__Lib_MathDouble.c,86 :: 		
0x00E4	0x14FB      	BSF        R11, 1
;__Lib_MathDouble.c,87 :: 		
0x00E5	0x1FFB      	BTFSS      R11, 7
;__Lib_MathDouble.c,88 :: 		
0x00E6	0x28EE      	GOTO       SETFOV32EEE
;__Lib_MathDouble.c,89 :: 		
0x00E7	0x30FF      	MOVLW      255
;__Lib_MathDouble.c,90 :: 		
0x00E8	0x00F3      	MOVWF      R3
;__Lib_MathDouble.c,91 :: 		
0x00E9	0x00F2      	MOVWF      R2
;__Lib_MathDouble.c,92 :: 		
0x00EA	0x00F1      	MOVWF      R1
;__Lib_MathDouble.c,93 :: 		
0x00EB	0x00F0      	MOVWF      R0
;__Lib_MathDouble.c,94 :: 		
0x00EC	0x0DFA      	RLF        R10, 1
;__Lib_MathDouble.c,95 :: 		
0x00ED	0x0CF2      	RRF        R2, 1
;__Lib_MathDouble.c,96 :: 		
SETFOV32EEE:
;__Lib_MathDouble.c,97 :: 		
0x00EE	0x30FF      	MOVLW      255
;__Lib_MathDouble.c,99 :: 		
L_end_SETFOV32:
0x00EF	0x0008      	RETURN
; end of _SETFOV32
_Mul_32x32_FP:
;__Lib_MathDouble.c,610 :: 		
;__Lib_MathDouble.c,622 :: 		
;__Lib_MathDouble.c,624 :: 		
0x00F0	0x1283      	BCF        STATUS, 5
;__Lib_MathDouble.c,625 :: 		
0x00F1	0x1303      	BCF        STATUS, 6
;__Lib_MathDouble.c,627 :: 		
0x00F2	0x01FB      	CLRF       R11
;__Lib_MathDouble.c,628 :: 		
0x00F3	0x0873      	MOVF       R3, 0
;__Lib_MathDouble.c,629 :: 		
0x00F4	0x1D03      	BTFSS      STATUS, 2
;__Lib_MathDouble.c,630 :: 		
0x00F5	0x0877      	MOVF       R7, 0
;__Lib_MathDouble.c,631 :: 		
0x00F6	0x1903      	BTFSC      STATUS, 2
;__Lib_MathDouble.c,632 :: 		
0x00F7	0x2947      	GOTO       JPMRES032
;__Lib_MathDouble.c,634 :: 		
0x00F8	0x0872      	MOVF       R2, 0
;__Lib_MathDouble.c,635 :: 		
0x00F9	0x0676      	XORWF      R6, 0
;__Lib_MathDouble.c,636 :: 		
0x00FA	0x00FA      	MOVWF      R10
;__Lib_MathDouble.c,637 :: 		
0x00FB	0x0877      	MOVF       R7, 0
;__Lib_MathDouble.c,638 :: 		
0x00FC	0x07F3      	ADDWF      R3, 1
;__Lib_MathDouble.c,639 :: 		
0x00FD	0x307E      	MOVLW      126
;__Lib_MathDouble.c,640 :: 		
0x00FE	0x1C03      	BTFSS      STATUS, 0
;__Lib_MathDouble.c,641 :: 		
0x00FF	0x2904      	GOTO       MTUN32
;__Lib_MathDouble.c,642 :: 		
0x0100	0x02F3      	SUBWF      R3, 1
;__Lib_MathDouble.c,643 :: 		
0x0101	0x1803      	BTFSC      STATUS, 0
;__Lib_MathDouble.c,644 :: 		
0x0102	0x294A      	GOTO       JPMSETFOV32
;__Lib_MathDouble.c,645 :: 		
0x0103	0x2907      	GOTO       MOK32
;__Lib_MathDouble.c,646 :: 		
MTUN32:
;__Lib_MathDouble.c,647 :: 		
0x0104	0x02F3      	SUBWF      R3, 1
;__Lib_MathDouble.c,648 :: 		
0x0105	0x1C03      	BTFSS      STATUS, 0
;__Lib_MathDouble.c,649 :: 		
0x0106	0x294D      	GOTO       JPMSETFUN32
;__Lib_MathDouble.c,650 :: 		
MOK32:
;__Lib_MathDouble.c,651 :: 		
0x0107	0x0872      	MOVF       R2, 0
;__Lib_MathDouble.c,652 :: 		
0x0108	0x00F8      	MOVWF      R8
;__Lib_MathDouble.c,653 :: 		
0x0109	0x0871      	MOVF       R1, 0
;__Lib_MathDouble.c,654 :: 		
0x010A	0x00FC      	MOVWF      R12
;__Lib_MathDouble.c,655 :: 		
0x010B	0x0870      	MOVF       R0, 0
;__Lib_MathDouble.c,656 :: 		
0x010C	0x00FD      	MOVWF      R13
;__Lib_MathDouble.c,657 :: 		
0x010D	0x17F8      	BSF        R8, 7
;__Lib_MathDouble.c,658 :: 		
0x010E	0x17F6      	BSF        R6, 7
;__Lib_MathDouble.c,659 :: 		
0x010F	0x1003      	BCF        STATUS, 0
;__Lib_MathDouble.c,660 :: 		
0x0110	0x01F2      	CLRF       R2
;__Lib_MathDouble.c,661 :: 		
0x0111	0x01F1      	CLRF       R1
;__Lib_MathDouble.c,662 :: 		
0x0112	0x01F0      	CLRF       R0
;__Lib_MathDouble.c,663 :: 		
0x0113	0x3018      	MOVLW      24
;__Lib_MathDouble.c,664 :: 		
0x0114	0x00A0      	MOVWF      __math_tempbD
;__Lib_MathDouble.c,665 :: 		
MLOOP32:
;__Lib_MathDouble.c,666 :: 		
0x0115	0x1C7D      	BTFSS      R13, 0
;__Lib_MathDouble.c,667 :: 		
0x0116	0x2921      	GOTO       MNOADD32
;__Lib_MathDouble.c,669 :: 		
0x0117	0x0874      	MOVF       R4, 0
;__Lib_MathDouble.c,670 :: 		
0x0118	0x07F0      	ADDWF      R0, 1
;__Lib_MathDouble.c,671 :: 		
0x0119	0x0875      	MOVF       R5, 0
;__Lib_MathDouble.c,672 :: 		
0x011A	0x1803      	BTFSC      STATUS, 0
;__Lib_MathDouble.c,673 :: 		
0x011B	0x0F75      	INCFSZ     R5, 0
;__Lib_MathDouble.c,674 :: 		
0x011C	0x07F1      	ADDWF      R1, 1
;__Lib_MathDouble.c,675 :: 		
0x011D	0x0876      	MOVF       R6, 0
;__Lib_MathDouble.c,676 :: 		
0x011E	0x1803      	BTFSC      STATUS, 0
;__Lib_MathDouble.c,677 :: 		
0x011F	0x0F76      	INCFSZ     R6, 0
;__Lib_MathDouble.c,678 :: 		
0x0120	0x07F2      	ADDWF      R2, 1
;__Lib_MathDouble.c,679 :: 		
MNOADD32:
;__Lib_MathDouble.c,680 :: 		
0x0121	0x0CF2      	RRF        R2, 1
;__Lib_MathDouble.c,681 :: 		
0x0122	0x0CF1      	RRF        R1, 1
;__Lib_MathDouble.c,682 :: 		
0x0123	0x0CF0      	RRF        R0, 1
;__Lib_MathDouble.c,683 :: 		
0x0124	0x0CF8      	RRF        R8, 1
;__Lib_MathDouble.c,684 :: 		
0x0125	0x0CFC      	RRF        R12, 1
;__Lib_MathDouble.c,685 :: 		
0x0126	0x0CFD      	RRF        R13, 1
;__Lib_MathDouble.c,686 :: 		
0x0127	0x1003      	BCF        STATUS, 0
;__Lib_MathDouble.c,687 :: 		
0x0128	0x0BA0      	DECFSZ     __math_tempbD, 1
;__Lib_MathDouble.c,688 :: 		
0x0129	0x2915      	GOTO       MLOOP32
;__Lib_MathDouble.c,689 :: 		
0x012A	0x1BF2      	BTFSC      R2, 7
;__Lib_MathDouble.c,690 :: 		
0x012B	0x2931      	GOTO       MROUND32
;__Lib_MathDouble.c,691 :: 		
0x012C	0x0DF8      	RLF        R8, 1
;__Lib_MathDouble.c,692 :: 		
0x012D	0x0DF0      	RLF        R0, 1
;__Lib_MathDouble.c,693 :: 		
0x012E	0x0DF1      	RLF        R1, 1
;__Lib_MathDouble.c,694 :: 		
0x012F	0x0DF2      	RLF        R2, 1
;__Lib_MathDouble.c,695 :: 		
0x0130	0x03F3      	DECF       R3, 1
;__Lib_MathDouble.c,696 :: 		
MROUND32:
;__Lib_MathDouble.c,697 :: 		
0x0131	0x1B7B      	BTFSC      R11, 6
;__Lib_MathDouble.c,698 :: 		
0x0132	0x1C70      	BTFSS      R0, 0
;__Lib_MathDouble.c,699 :: 		
0x0133	0x2943      	GOTO       MUL32OK
;__Lib_MathDouble.c,700 :: 		
0x0134	0x1FF8      	BTFSS      R8, 7
;__Lib_MathDouble.c,701 :: 		
0x0135	0x2943      	GOTO       MUL32OK
;__Lib_MathDouble.c,702 :: 		
0x0136	0x0AF0      	INCF       R0, 1
;__Lib_MathDouble.c,703 :: 		
0x0137	0x1903      	BTFSC      STATUS, 2
;__Lib_MathDouble.c,704 :: 		
0x0138	0x0AF1      	INCF       R1, 1
;__Lib_MathDouble.c,705 :: 		
0x0139	0x1903      	BTFSC      STATUS, 2
;__Lib_MathDouble.c,706 :: 		
0x013A	0x0AF2      	INCF       R2, 1
;__Lib_MathDouble.c,707 :: 		
0x013B	0x1D03      	BTFSS      STATUS, 2
;__Lib_MathDouble.c,708 :: 		
0x013C	0x2943      	GOTO       MUL32OK
;__Lib_MathDouble.c,709 :: 		
0x013D	0x0CF2      	RRF        R2, 1
;__Lib_MathDouble.c,710 :: 		
0x013E	0x0CF1      	RRF        R1, 1
;__Lib_MathDouble.c,711 :: 		
0x013F	0x0CF0      	RRF        R0, 1
;__Lib_MathDouble.c,712 :: 		
0x0140	0x0AF3      	INCF       R3, 1
;__Lib_MathDouble.c,713 :: 		
0x0141	0x1903      	BTFSC      STATUS, 2
;__Lib_MathDouble.c,714 :: 		
0x0142	0x294A      	GOTO       JPMSETFOV32
;__Lib_MathDouble.c,715 :: 		
MUL32OK:
;__Lib_MathDouble.c,716 :: 		
0x0143	0x1FFA      	BTFSS      R10, 7
;__Lib_MathDouble.c,717 :: 		
0x0144	0x13F2      	BCF        R2, 7
;__Lib_MathDouble.c,718 :: 		
0x0145	0x3000      	MOVLW      0
;__Lib_MathDouble.c,720 :: 		
0x0146	0x294F      	GOTO       MUL32EEE
;__Lib_MathDouble.c,721 :: 		
JPMRES032:
;__Lib_MathDouble.c,722 :: 		
0x0147	0x3001      	MOVLW      1
;__Lib_MathDouble.c,725 :: 		
0x0148	0x200A      	CALL       _RES032
;__Lib_MathDouble.c,727 :: 		
0x0149	0x294F      	GOTO       MUL32EEE
;__Lib_MathDouble.c,728 :: 		
JPMSETFOV32:
;__Lib_MathDouble.c,729 :: 		
0x014A	0x3002      	MOVLW      2
;__Lib_MathDouble.c,732 :: 		
0x014B	0x20E4      	CALL       _SETFOV32
;__Lib_MathDouble.c,734 :: 		
0x014C	0x294F      	GOTO       MUL32EEE
;__Lib_MathDouble.c,735 :: 		
JPMSETFUN32:
;__Lib_MathDouble.c,736 :: 		
0x014D	0x3004      	MOVLW      4
;__Lib_MathDouble.c,739 :: 		
0x014E	0x2011      	CALL       _SETFUN32
;__Lib_MathDouble.c,741 :: 		
MUL32EEE:
;__Lib_MathDouble.c,742 :: 		
0x014F	0x0000      	NOP
;__Lib_MathDouble.c,749 :: 		
L_end_Mul_32x32_FP:
0x0150	0x0008      	RETURN
; end of _Mul_32x32_FP
_ADC_Read:
;__Lib_ADC_A_C.c,45 :: 		
;__Lib_ADC_A_C.c,47 :: 		
0x0151	0x1283      	BCF        STATUS, 5
0x0152	0x1303      	BCF        STATUS, 6
0x0153	0x019F      	CLRF       ADCON0
;__Lib_ADC_A_C.c,48 :: 		
0x0154	0x30C0      	MOVLW      192
0x0155	0x049F      	IORWF      ADCON0, 1
;__Lib_ADC_A_C.c,49 :: 		
0x0156	0x1683      	BSF        STATUS, 5
0x0157	0x171F      	BSF        ADCON1, 6
;__Lib_ADC_A_C.c,50 :: 		
0x0158	0x179F      	BSF        ADCON1, 7
;__Lib_ADC_A_C.c,51 :: 		
0x0159	0x1283      	BCF        STATUS, 5
0x015A	0x085C      	MOVF       FARG_ADC_Read_channel, 0
0x015B	0x00F0      	MOVWF      R0
0x015C	0x0DF0      	RLF        R0, 1
0x015D	0x1070      	BCF        R0, 0
0x015E	0x0DF0      	RLF        R0, 1
0x015F	0x1070      	BCF        R0, 0
0x0160	0x0DF0      	RLF        R0, 1
0x0161	0x1070      	BCF        R0, 0
0x0162	0x0870      	MOVF       R0, 0
0x0163	0x049F      	IORWF      ADCON0, 1
;__Lib_ADC_A_C.c,54 :: 		
0x0164	0x141F      	BSF        ADCON0, 0
;__Lib_ADC_A_C.c,57 :: 		
0x0165	0x20AD      	CALL       _Delay_22us
;__Lib_ADC_A_C.c,60 :: 		
0x0166	0x151F      	BSF        ADCON0, 2
;__Lib_ADC_A_C.c,63 :: 		
L_ADC_Read2:
0x0167	0x1D1F      	BTFSS      ADCON0, 2
0x0168	0x296B      	GOTO       L_ADC_Read3
;__Lib_ADC_A_C.c,64 :: 		
0x0169	0x0000      	NOP
0x016A	0x2967      	GOTO       L_ADC_Read2
L_ADC_Read3:
;__Lib_ADC_A_C.c,67 :: 		
0x016B	0x101F      	BCF        ADCON0, 0
;__Lib_ADC_A_C.c,70 :: 		
0x016C	0x081E      	MOVF       ADRESH, 0
0x016D	0x00F1      	MOVWF      R0+1
0x016E	0x01F0      	CLRF       R0
0x016F	0x1683      	BSF        STATUS, 5
0x0170	0x081E      	MOVF       ADRESL, 0
0x0171	0x04F0      	IORWF      R0, 1
0x0172	0x3000      	MOVLW      0
0x0173	0x04F1      	IORWF      R0+1, 1
;__Lib_ADC_A_C.c,71 :: 		
L_end_ADC_Read:
0x0174	0x0008      	RETURN
; end of _ADC_Read
_Div_16x16_S:
;__Lib_Math.c,479 :: 		
;__Lib_Math.c,487 :: 		
0x0175	0x1283      	BCF        STATUS, 5
0x0176	0x1303      	BCF        STATUS, 6
0x0177	0x0874      	MOVF       R4, 0
0x0178	0x3A00      	XORLW      0
0x0179	0x1D03      	BTFSS      STATUS, 2
0x017A	0x2984      	GOTO       L_Div_16x16_S0
;__Lib_Math.c,488 :: 		
0x017B	0x0875      	MOVF       R5, 0
0x017C	0x3A00      	XORLW      0
0x017D	0x1D03      	BTFSS      STATUS, 2
0x017E	0x2984      	GOTO       L_Div_16x16_S1
;__Lib_Math.c,489 :: 		
0x017F	0x30FF      	MOVLW      255
0x0180	0x00F0      	MOVWF      R0
;__Lib_Math.c,490 :: 		
0x0181	0x307F      	MOVLW      127
0x0182	0x00F1      	MOVWF      R1
;__Lib_Math.c,491 :: 		
0x0183	0x29DD      	GOTO       L_end_Div_16x16_S
;__Lib_Math.c,492 :: 		
L_Div_16x16_S1:
L_Div_16x16_S0:
;__Lib_Math.c,495 :: 		
0x0184	0x1283      	BCF        STATUS, 5
;__Lib_Math.c,496 :: 		
0x0185	0x1303      	BCF        STATUS, 6
;__Lib_Math.c,497 :: 		
0x0186	0x01FD      	CLRF       R13
;__Lib_Math.c,498 :: 		
0x0187	0x01F9      	CLRF       R9
;__Lib_Math.c,499 :: 		
0x0188	0x01F8      	CLRF       R8
;__Lib_Math.c,500 :: 		
0x0189	0x0871      	MOVF       R1, 0
;__Lib_Math.c,501 :: 		
0x018A	0x0470      	IORWF      R0, 0
;__Lib_Math.c,502 :: 		
0x018B	0x1903      	BTFSC      STATUS, 2
;__Lib_Math.c,503 :: 		
0x018C	0x3400      	RETLW      0
;__Lib_Math.c,505 :: 		
0x018D	0x0871      	MOVF       R1, 0
;__Lib_Math.c,506 :: 		
0x018E	0x0675      	XORWF      R5, 0
;__Lib_Math.c,507 :: 		
0x018F	0x00FA      	MOVWF      R10
;__Lib_Math.c,508 :: 		
0x0190	0x1BFA      	BTFSC      R10, 7
;__Lib_Math.c,509 :: 		
0x0191	0x09FD      	COMF       R13, 1
;__Lib_Math.c,511 :: 		
0x0192	0x01FB      	CLRF       R11
;__Lib_Math.c,513 :: 		
0x0193	0x1FF5      	BTFSS      R5, 7
;__Lib_Math.c,514 :: 		
0x0194	0x299A      	GOTO       $+6
;__Lib_Math.c,516 :: 		
0x0195	0x09F4      	COMF       R4, 1
;__Lib_Math.c,517 :: 		
0x0196	0x09F5      	COMF       R5, 1
;__Lib_Math.c,518 :: 		
0x0197	0x0AF4      	INCF       R4, 1
;__Lib_Math.c,519 :: 		
0x0198	0x1903      	BTFSC      STATUS, 2
;__Lib_Math.c,520 :: 		
0x0199	0x0AF5      	INCF       R5, 1
;__Lib_Math.c,522 :: 		
0x019A	0x1FF1      	BTFSS      R1, 7
;__Lib_Math.c,523 :: 		
0x019B	0x29A1      	GOTO       $+6
;__Lib_Math.c,525 :: 		
0x019C	0x09F0      	COMF       R0, 1
;__Lib_Math.c,526 :: 		
0x019D	0x09F1      	COMF       R1, 1
;__Lib_Math.c,527 :: 		
0x019E	0x0AF0      	INCF       R0, 1
;__Lib_Math.c,528 :: 		
0x019F	0x1903      	BTFSC      STATUS, 2
;__Lib_Math.c,529 :: 		
0x01A0	0x0AF1      	INCF       R1, 1
;__Lib_Math.c,531 :: 		
0x01A1	0x0871      	MOVF       R1, 0
;__Lib_Math.c,532 :: 		
0x01A2	0x0475      	IORWF      R5, 0
;__Lib_Math.c,533 :: 		
0x01A3	0x00FA      	MOVWF      R10
;__Lib_Math.c,534 :: 		
0x01A4	0x1BFA      	BTFSC      R10, 7
;__Lib_Math.c,535 :: 		
0x01A5	0x29B6      	GOTO       $+17
;__Lib_Math.c,537 :: 		
0x01A6	0x2031      	CALL       _Div_16x16_S_L
;__Lib_Math.c,539 :: 		
0x01A7	0x187B      	BTFSC      R11, 0
;__Lib_Math.c,540 :: 		
0x01A8	0x29C9      	GOTO       $+33
;__Lib_Math.c,542 :: 		
0x01A9	0x1FFD      	BTFSS      R13, 7
;__Lib_Math.c,543 :: 		
0x01AA	0x3400      	RETLW      0
;__Lib_Math.c,545 :: 		
0x01AB	0x09F0      	COMF       R0, 1
;__Lib_Math.c,546 :: 		
0x01AC	0x09F1      	COMF       R1, 1
;__Lib_Math.c,547 :: 		
0x01AD	0x0AF0      	INCF       R0, 1
;__Lib_Math.c,548 :: 		
0x01AE	0x1903      	BTFSC      STATUS, 2
;__Lib_Math.c,549 :: 		
0x01AF	0x0AF1      	INCF       R1, 1
;__Lib_Math.c,551 :: 		
0x01B0	0x09F8      	COMF       R8, 1
;__Lib_Math.c,552 :: 		
0x01B1	0x09F9      	COMF       R9, 1
;__Lib_Math.c,553 :: 		
0x01B2	0x0AF8      	INCF       R8, 1
;__Lib_Math.c,554 :: 		
0x01B3	0x1903      	BTFSC      STATUS, 2
;__Lib_Math.c,555 :: 		
0x01B4	0x0AF9      	INCF       R9, 1
;__Lib_Math.c,557 :: 		
0x01B5	0x3400      	RETLW      0
;__Lib_Math.c,559 :: 		
0x01B6	0x1FF5      	BTFSS      R5, 7
;__Lib_Math.c,560 :: 		
0x01B7	0x29C5      	GOTO       $+14
;__Lib_Math.c,561 :: 		
0x01B8	0x1BF1      	BTFSC      R1, 7
;__Lib_Math.c,562 :: 		
0x01B9	0x29C1      	GOTO       $+8
;__Lib_Math.c,563 :: 		
0x01BA	0x0871      	MOVF       R1, 0
;__Lib_Math.c,564 :: 		
0x01BB	0x00F9      	MOVWF      R9
;__Lib_Math.c,565 :: 		
0x01BC	0x0870      	MOVF       R0, 0
;__Lib_Math.c,566 :: 		
0x01BD	0x00F8      	MOVWF      R8
;__Lib_Math.c,567 :: 		
0x01BE	0x01F1      	CLRF       R1
;__Lib_Math.c,568 :: 		
0x01BF	0x01F0      	CLRF       R0
;__Lib_Math.c,569 :: 		
0x01C0	0x29A9      	GOTO       $-23
;__Lib_Math.c,570 :: 		
0x01C1	0x01F1      	CLRF       R1
;__Lib_Math.c,571 :: 		
0x01C2	0x01F0      	CLRF       R0
;__Lib_Math.c,572 :: 		
0x01C3	0x0AF0      	INCF       R0, 1
;__Lib_Math.c,573 :: 		
0x01C4	0x3400      	RETLW      0
;__Lib_Math.c,575 :: 		
0x01C5	0x09F1      	COMF       R1, 1
;__Lib_Math.c,576 :: 		
0x01C6	0x09F0      	COMF       R0, 1
;__Lib_Math.c,577 :: 		
0x01C7	0x0AFB      	INCF       R11, 1
;__Lib_Math.c,578 :: 		
0x01C8	0x29A6      	GOTO       $-34
;__Lib_Math.c,580 :: 		
0x01C9	0x0AF8      	INCF       R8, 1
;__Lib_Math.c,581 :: 		
0x01CA	0x1903      	BTFSC      STATUS, 2
;__Lib_Math.c,582 :: 		
0x01CB	0x0AF9      	INCF       R9, 1
;__Lib_Math.c,583 :: 		
0x01CC	0x0874      	MOVF       R4, 0
;__Lib_Math.c,584 :: 		
0x01CD	0x0278      	SUBWF      R8, 0
;__Lib_Math.c,585 :: 		
0x01CE	0x1D03      	BTFSS      STATUS, 2
;__Lib_Math.c,586 :: 		
0x01CF	0x29A9      	GOTO       $-38
;__Lib_Math.c,587 :: 		
0x01D0	0x0875      	MOVF       R5, 0
;__Lib_Math.c,588 :: 		
0x01D1	0x0279      	SUBWF      R9, 0
;__Lib_Math.c,589 :: 		
0x01D2	0x1D03      	BTFSS      STATUS, 2
;__Lib_Math.c,590 :: 		
0x01D3	0x29A9      	GOTO       $-42
;__Lib_Math.c,591 :: 		
0x01D4	0x01F9      	CLRF       R9
;__Lib_Math.c,592 :: 		
0x01D5	0x01F8      	CLRF       R8
;__Lib_Math.c,593 :: 		
0x01D6	0x0AF0      	INCF       R0, 1
;__Lib_Math.c,594 :: 		
0x01D7	0x1903      	BTFSC      STATUS, 2
;__Lib_Math.c,595 :: 		
0x01D8	0x0AF1      	INCF       R1, 1
;__Lib_Math.c,596 :: 		
0x01D9	0x1FF1      	BTFSS      R1, 7
;__Lib_Math.c,597 :: 		
0x01DA	0x29A9      	GOTO       $-49
;__Lib_Math.c,598 :: 		
0x01DB	0x0000      	NOP
;__Lib_Math.c,599 :: 		
0x01DC	0x34FF      	RETLW      255
;__Lib_Math.c,601 :: 		
L_end_Div_16x16_S:
0x01DD	0x0008      	RETURN
; end of _Div_16x16_S
_word2double:
;__Lib_MathDouble.c,1862 :: 		
;__Lib_MathDouble.c,1868 :: 		
0x01DE	0x1283      	BCF        STATUS, 5
;__Lib_MathDouble.c,1869 :: 		
0x01DF	0x1303      	BCF        STATUS, 6
;__Lib_MathDouble.c,1870 :: 		
0x01E0	0x0870      	MOVF       R0, 0
;__Lib_MathDouble.c,1871 :: 		
0x01E1	0x00F8      	MOVWF      R8
;__Lib_MathDouble.c,1872 :: 		
0x01E2	0x0871      	MOVF       R1, 0
;__Lib_MathDouble.c,1873 :: 		
0x01E3	0x00F0      	MOVWF      R0
;__Lib_MathDouble.c,1874 :: 		
0x01E4	0x01F1      	CLRF       R1
;__Lib_MathDouble.c,1875 :: 		
0x01E5	0x01F2      	CLRF       R2
;__Lib_MathDouble.c,1876 :: 		
0x01E6	0x01F3      	CLRF       R3
;__Lib_MathDouble.c,1879 :: 		
0x01E7	0x01FB      	CLRF       R11
;__Lib_MathDouble.c,1880 :: 		
0x01E8	0x01FC      	CLRF       R12
;__Lib_MathDouble.c,1882 :: 		
0x01E9	0x3096      	MOVLW      150
;__Lib_MathDouble.c,1883 :: 		
0x01EA	0x00F3      	MOVWF      R3
;__Lib_MathDouble.c,1884 :: 		
0x01EB	0x01FA      	CLRF       R10
;__Lib_MathDouble.c,1886 :: 		
0x01EC	0x0870      	MOVF       R0, 0
;__Lib_MathDouble.c,1887 :: 		
0x01ED	0x00F1      	MOVWF      R1
;__Lib_MathDouble.c,1888 :: 		
0x01EE	0x0878      	MOVF       R8, 0
;__Lib_MathDouble.c,1889 :: 		
0x01EF	0x00F0      	MOVWF      R0
;__Lib_MathDouble.c,1890 :: 		
0x01F0	0x01F8      	CLRF       R8
;__Lib_MathDouble.c,1891 :: 		
0x01F1	0x01F2      	CLRF       R2
;__Lib_MathDouble.c,1893 :: 		
0x01F2	0x20B5      	CALL       _NRM3232
;__Lib_MathDouble.c,1894 :: 		
L_end_word2double:
0x01F3	0x0008      	RETURN
; end of _word2double
_Lcd_Chr_CP:
;__Lib_Lcd.c,50 :: 		
;__Lib_Lcd.c,52 :: 		
0x01F4	0x1283      	BCF        STATUS, 5
0x01F5	0x1303      	BCF        STATUS, 6
0x01F6	0x1048      	BCF        __Lib_Lcd_cmd_status, BitPos(__Lib_Lcd_cmd_status+0)
;__Lib_Lcd.c,53 :: 		
0x01F7	0x085C      	MOVF       FARG_Lcd_Chr_CP_out_char, 0
0x01F8	0x00DF      	MOVWF      FARG_Lcd_Cmd_out_char
0x01F9	0x206D      	CALL       _Lcd_Cmd
;__Lib_Lcd.c,54 :: 		
0x01FA	0x1448      	BSF        __Lib_Lcd_cmd_status, BitPos(__Lib_Lcd_cmd_status+0)
;__Lib_Lcd.c,55 :: 		
L_end_Lcd_Chr_CP:
0x01FB	0x0008      	RETURN
; end of _Lcd_Chr_CP
_Lcd_Chr:
;__Lib_Lcd.c,65 :: 		
;__Lib_Lcd.c,66 :: 		
0x01FC	0x2A0E      	GOTO       L_Lcd_Chr4
;__Lib_Lcd.c,67 :: 		
L_Lcd_Chr6:
0x01FD	0x3080      	MOVLW      128
0x01FE	0x1283      	BCF        STATUS, 5
0x01FF	0x1303      	BCF        STATUS, 6
0x0200	0x00DC      	MOVWF      FARG_Lcd_Chr_row
0x0201	0x2A21      	GOTO       L_Lcd_Chr5
;__Lib_Lcd.c,68 :: 		
L_Lcd_Chr7:
0x0202	0x30C0      	MOVLW      192
0x0203	0x00DC      	MOVWF      FARG_Lcd_Chr_row
0x0204	0x2A21      	GOTO       L_Lcd_Chr5
;__Lib_Lcd.c,69 :: 		
L_Lcd_Chr8:
0x0205	0x3094      	MOVLW      148
0x0206	0x00DC      	MOVWF      FARG_Lcd_Chr_row
0x0207	0x2A21      	GOTO       L_Lcd_Chr5
;__Lib_Lcd.c,70 :: 		
L_Lcd_Chr9:
0x0208	0x30D4      	MOVLW      212
0x0209	0x00DC      	MOVWF      FARG_Lcd_Chr_row
0x020A	0x2A21      	GOTO       L_Lcd_Chr5
;__Lib_Lcd.c,71 :: 		
L_Lcd_Chr10:
0x020B	0x3080      	MOVLW      128
0x020C	0x00DC      	MOVWF      FARG_Lcd_Chr_row
;__Lib_Lcd.c,72 :: 		
0x020D	0x2A21      	GOTO       L_Lcd_Chr5
L_Lcd_Chr4:
0x020E	0x1283      	BCF        STATUS, 5
0x020F	0x1303      	BCF        STATUS, 6
0x0210	0x085C      	MOVF       FARG_Lcd_Chr_row, 0
0x0211	0x3A01      	XORLW      1
0x0212	0x1903      	BTFSC      STATUS, 2
0x0213	0x29FD      	GOTO       L_Lcd_Chr6
0x0214	0x085C      	MOVF       FARG_Lcd_Chr_row, 0
0x0215	0x3A02      	XORLW      2
0x0216	0x1903      	BTFSC      STATUS, 2
0x0217	0x2A02      	GOTO       L_Lcd_Chr7
0x0218	0x085C      	MOVF       FARG_Lcd_Chr_row, 0
0x0219	0x3A03      	XORLW      3
0x021A	0x1903      	BTFSC      STATUS, 2
0x021B	0x2A05      	GOTO       L_Lcd_Chr8
0x021C	0x085C      	MOVF       FARG_Lcd_Chr_row, 0
0x021D	0x3A04      	XORLW      4
0x021E	0x1903      	BTFSC      STATUS, 2
0x021F	0x2A08      	GOTO       L_Lcd_Chr9
0x0220	0x2A0B      	GOTO       L_Lcd_Chr10
L_Lcd_Chr5:
;__Lib_Lcd.c,74 :: 		
0x0221	0x035D      	DECF       FARG_Lcd_Chr_column, 0
0x0222	0x00F0      	MOVWF      R0
0x0223	0x085C      	MOVF       FARG_Lcd_Chr_row, 0
0x0224	0x07F0      	ADDWF      R0, 1
0x0225	0x0870      	MOVF       R0, 0
0x0226	0x00DC      	MOVWF      FARG_Lcd_Chr_row
;__Lib_Lcd.c,76 :: 		
0x0227	0x1448      	BSF        __Lib_Lcd_cmd_status, BitPos(__Lib_Lcd_cmd_status+0)
;__Lib_Lcd.c,77 :: 		
0x0228	0x0870      	MOVF       R0, 0
0x0229	0x00DF      	MOVWF      FARG_Lcd_Cmd_out_char
0x022A	0x206D      	CALL       _Lcd_Cmd
;__Lib_Lcd.c,79 :: 		
0x022B	0x1048      	BCF        __Lib_Lcd_cmd_status, BitPos(__Lib_Lcd_cmd_status+0)
;__Lib_Lcd.c,80 :: 		
0x022C	0x085E      	MOVF       FARG_Lcd_Chr_out_char, 0
0x022D	0x00DF      	MOVWF      FARG_Lcd_Cmd_out_char
0x022E	0x206D      	CALL       _Lcd_Cmd
;__Lib_Lcd.c,81 :: 		
0x022F	0x1448      	BSF        __Lib_Lcd_cmd_status, BitPos(__Lib_Lcd_cmd_status+0)
;__Lib_Lcd.c,82 :: 		
L_end_Lcd_Chr:
0x0230	0x0008      	RETURN
; end of _Lcd_Chr
_Div_32x32_FP:
;__Lib_MathDouble.c,761 :: 		
;__Lib_MathDouble.c,773 :: 		
;__Lib_MathDouble.c,776 :: 		
0x0231	0x1283      	BCF        STATUS, 5
0x0232	0x1303      	BCF        STATUS, 6
0x0233	0x0874      	MOVF       R4, 0
0x0234	0x3A00      	XORLW      0
0x0235	0x1D03      	BTFSS      STATUS, 2
0x0236	0x2A4C      	GOTO       L_Div_32x32_FP7
;__Lib_MathDouble.c,777 :: 		
0x0237	0x0875      	MOVF       R5, 0
0x0238	0x3A00      	XORLW      0
0x0239	0x1D03      	BTFSS      STATUS, 2
0x023A	0x2A4C      	GOTO       L_Div_32x32_FP8
;__Lib_MathDouble.c,778 :: 		
0x023B	0x0876      	MOVF       R6, 0
0x023C	0x3A00      	XORLW      0
0x023D	0x1D03      	BTFSS      STATUS, 2
0x023E	0x2A4C      	GOTO       L_Div_32x32_FP9
;__Lib_MathDouble.c,779 :: 		
0x023F	0x0877      	MOVF       R7, 0
0x0240	0x3A00      	XORLW      0
0x0241	0x1D03      	BTFSS      STATUS, 2
0x0242	0x2A4C      	GOTO       L_Div_32x32_FP10
;__Lib_MathDouble.c,780 :: 		
0x0243	0x30FF      	MOVLW      255
0x0244	0x00F0      	MOVWF      R0
;__Lib_MathDouble.c,781 :: 		
0x0245	0x30FF      	MOVLW      255
0x0246	0x00F1      	MOVWF      R1
;__Lib_MathDouble.c,782 :: 		
0x0247	0x307F      	MOVLW      127
0x0248	0x00F2      	MOVWF      R2
;__Lib_MathDouble.c,783 :: 		
0x0249	0x30FF      	MOVLW      255
0x024A	0x00F3      	MOVWF      R3
;__Lib_MathDouble.c,784 :: 		
0x024B	0x2AE7      	GOTO       L_end_Div_32x32_FP
;__Lib_MathDouble.c,785 :: 		
L_Div_32x32_FP10:
L_Div_32x32_FP9:
L_Div_32x32_FP8:
L_Div_32x32_FP7:
;__Lib_MathDouble.c,788 :: 		
0x024C	0x1283      	BCF        STATUS, 5
;__Lib_MathDouble.c,789 :: 		
0x024D	0x1303      	BCF        STATUS, 6
;__Lib_MathDouble.c,791 :: 		
0x024E	0x0877      	MOVF       R7, 0
;__Lib_MathDouble.c,792 :: 		
0x024F	0x1903      	BTFSC      STATUS, 2
;__Lib_MathDouble.c,793 :: 		
0x0250	0x2ADB      	GOTO       JPDSETFDZ32
;__Lib_MathDouble.c,795 :: 		
0x0251	0x0873      	MOVF       R3, 0
;__Lib_MathDouble.c,796 :: 		
0x0252	0x1903      	BTFSC      STATUS, 2
;__Lib_MathDouble.c,797 :: 		
0x0253	0x2ADE      	GOTO       JPDRES032
;__Lib_MathDouble.c,799 :: 		
0x0254	0x0872      	MOVF       R2, 0
;__Lib_MathDouble.c,800 :: 		
0x0255	0x0676      	XORWF      R6, 0
;__Lib_MathDouble.c,801 :: 		
0x0256	0x3980      	ANDLW      128
;__Lib_MathDouble.c,802 :: 		
0x0257	0x00FA      	MOVWF      R10
;__Lib_MathDouble.c,803 :: 		
0x0258	0x17F2      	BSF        R2, 7
;__Lib_MathDouble.c,804 :: 		
0x0259	0x17F6      	BSF        R6, 7
;__Lib_MathDouble.c,806 :: 		
0x025A	0x01A0      	CLRF       __math_tempbD
;__Lib_MathDouble.c,807 :: 		
0x025B	0x0872      	MOVF       R2, 0
;__Lib_MathDouble.c,808 :: 		
0x025C	0x00F8      	MOVWF      R8
;__Lib_MathDouble.c,809 :: 		
0x025D	0x0871      	MOVF       R1, 0
;__Lib_MathDouble.c,810 :: 		
0x025E	0x00FC      	MOVWF      R12
;__Lib_MathDouble.c,811 :: 		
0x025F	0x0870      	MOVF       R0, 0
;__Lib_MathDouble.c,812 :: 		
0x0260	0x00FD      	MOVWF      R13
;__Lib_MathDouble.c,814 :: 		
0x0261	0x0874      	MOVF       R4, 0
;__Lib_MathDouble.c,815 :: 		
0x0262	0x02FD      	SUBWF      R13, 1
;__Lib_MathDouble.c,816 :: 		
0x0263	0x0875      	MOVF       R5, 0
;__Lib_MathDouble.c,817 :: 		
0x0264	0x1C03      	BTFSS      STATUS, 0
;__Lib_MathDouble.c,818 :: 		
0x0265	0x0F75      	INCFSZ     R5, 0
;__Lib_MathDouble.c,820 :: 		
0x0266	0x02FC      	SUBWF      R12, 1
;__Lib_MathDouble.c,821 :: 		
0x0267	0x0876      	MOVF       R6, 0
;__Lib_MathDouble.c,822 :: 		
0x0268	0x1C03      	BTFSS      STATUS, 0
;__Lib_MathDouble.c,823 :: 		
0x0269	0x0F76      	INCFSZ     R6, 0
;__Lib_MathDouble.c,825 :: 		
0x026A	0x02F8      	SUBWF      R8, 1
;__Lib_MathDouble.c,826 :: 		
0x026B	0x01F8      	CLRF       R8
;__Lib_MathDouble.c,827 :: 		
0x026C	0x01FC      	CLRF       R12
;__Lib_MathDouble.c,828 :: 		
0x026D	0x01FD      	CLRF       R13
;__Lib_MathDouble.c,829 :: 		
0x026E	0x1C03      	BTFSS      STATUS, 0
;__Lib_MathDouble.c,830 :: 		
0x026F	0x2A77      	GOTO       DALIGN32OK
;__Lib_MathDouble.c,832 :: 		
0x0270	0x1003      	BCF        STATUS, 0
;__Lib_MathDouble.c,833 :: 		
0x0271	0x0CF2      	RRF        R2, 1
;__Lib_MathDouble.c,834 :: 		
0x0272	0x0CF1      	RRF        R1, 1
;__Lib_MathDouble.c,835 :: 		
0x0273	0x0CF0      	RRF        R0, 1
;__Lib_MathDouble.c,836 :: 		
0x0274	0x0CF8      	RRF        R8, 1
;__Lib_MathDouble.c,837 :: 		
0x0275	0x3001      	MOVLW      1
;__Lib_MathDouble.c,838 :: 		
0x0276	0x00A0      	MOVWF      __math_tempbD
;__Lib_MathDouble.c,839 :: 		
DALIGN32OK:
;__Lib_MathDouble.c,840 :: 		
0x0277	0x0877      	MOVF       R7, 0
;__Lib_MathDouble.c,841 :: 		
0x0278	0x02F3      	SUBWF      R3, 1
;__Lib_MathDouble.c,842 :: 		
0x0279	0x1C03      	BTFSS      STATUS, 0
;__Lib_MathDouble.c,843 :: 		
0x027A	0x2A81      	GOTO       ALTB32
;__Lib_MathDouble.c,845 :: 		
0x027B	0x307E      	MOVLW      126
;__Lib_MathDouble.c,846 :: 		
0x027C	0x0720      	ADDWF      __math_tempbD, 0
;__Lib_MathDouble.c,847 :: 		
0x027D	0x07F3      	ADDWF      R3, 1
;__Lib_MathDouble.c,848 :: 		
0x027E	0x1803      	BTFSC      STATUS, 0
;__Lib_MathDouble.c,849 :: 		
0x027F	0x2AE1      	GOTO       JPDSETFOV32
;__Lib_MathDouble.c,850 :: 		
0x0280	0x2A86      	GOTO       DARGOK32
;__Lib_MathDouble.c,851 :: 		
ALTB32:
;__Lib_MathDouble.c,852 :: 		
0x0281	0x307E      	MOVLW      126
;__Lib_MathDouble.c,853 :: 		
0x0282	0x0720      	ADDWF      __math_tempbD, 0
;__Lib_MathDouble.c,854 :: 		
0x0283	0x07F3      	ADDWF      R3, 1
;__Lib_MathDouble.c,855 :: 		
0x0284	0x1C03      	BTFSS      STATUS, 0
;__Lib_MathDouble.c,856 :: 		
0x0285	0x2AE4      	GOTO       JPDSETFUN32
;__Lib_MathDouble.c,857 :: 		
DARGOK32:
;__Lib_MathDouble.c,858 :: 		
0x0286	0x3018      	MOVLW      24
;__Lib_MathDouble.c,860 :: 		
0x0287	0x07FA      	ADDWF      R10, 1
;__Lib_MathDouble.c,861 :: 		
DLOOP32:
;__Lib_MathDouble.c,862 :: 		
0x0288	0x0DFD      	RLF        R13, 1
;__Lib_MathDouble.c,863 :: 		
0x0289	0x0DFC      	RLF        R12, 1
;__Lib_MathDouble.c,864 :: 		
0x028A	0x0DF8      	RLF        R8, 1
;__Lib_MathDouble.c,865 :: 		
0x028B	0x0DF0      	RLF        R0, 1
;__Lib_MathDouble.c,866 :: 		
0x028C	0x0DF1      	RLF        R1, 1
;__Lib_MathDouble.c,867 :: 		
0x028D	0x0DF2      	RLF        R2, 1
;__Lib_MathDouble.c,868 :: 		
0x028E	0x0DA0      	RLF        __math_tempbD, 1
;__Lib_MathDouble.c,870 :: 		
0x028F	0x0874      	MOVF       R4, 0
;__Lib_MathDouble.c,871 :: 		
0x0290	0x02F0      	SUBWF      R0, 1
;__Lib_MathDouble.c,872 :: 		
0x0291	0x0875      	MOVF       R5, 0
;__Lib_MathDouble.c,873 :: 		
0x0292	0x1C03      	BTFSS      STATUS, 0
;__Lib_MathDouble.c,874 :: 		
0x0293	0x0F75      	INCFSZ     R5, 0
;__Lib_MathDouble.c,876 :: 		
0x0294	0x02F1      	SUBWF      R1, 1
;__Lib_MathDouble.c,877 :: 		
0x0295	0x0876      	MOVF       R6, 0
;__Lib_MathDouble.c,878 :: 		
0x0296	0x1C03      	BTFSS      STATUS, 0
;__Lib_MathDouble.c,879 :: 		
0x0297	0x0F76      	INCFSZ     R6, 0
;__Lib_MathDouble.c,881 :: 		
0x0298	0x02F2      	SUBWF      R2, 1
;__Lib_MathDouble.c,882 :: 		
0x0299	0x0D76      	RLF        R6, 0
;__Lib_MathDouble.c,883 :: 		
0x029A	0x04A0      	IORWF      __math_tempbD, 1
;__Lib_MathDouble.c,884 :: 		
0x029B	0x1C20      	BTFSS      __math_tempbD, 0
;__Lib_MathDouble.c,885 :: 		
0x029C	0x2A9F      	GOTO       DREST32
;__Lib_MathDouble.c,886 :: 		
0x029D	0x147D      	BSF        R13, 0
;__Lib_MathDouble.c,887 :: 		
0x029E	0x2AAA      	GOTO       DOK32
;__Lib_MathDouble.c,888 :: 		
DREST32:
;__Lib_MathDouble.c,889 :: 		
0x029F	0x0874      	MOVF       R4, 0
;__Lib_MathDouble.c,890 :: 		
0x02A0	0x07F0      	ADDWF      R0, 1
;__Lib_MathDouble.c,891 :: 		
0x02A1	0x0875      	MOVF       R5, 0
;__Lib_MathDouble.c,892 :: 		
0x02A2	0x1803      	BTFSC      STATUS, 0
;__Lib_MathDouble.c,893 :: 		
0x02A3	0x0F75      	INCFSZ     R5, 0
;__Lib_MathDouble.c,895 :: 		
0x02A4	0x07F1      	ADDWF      R1, 1
;__Lib_MathDouble.c,896 :: 		
0x02A5	0x0876      	MOVF       R6, 0
;__Lib_MathDouble.c,897 :: 		
0x02A6	0x1803      	BTFSC      STATUS, 0
;__Lib_MathDouble.c,898 :: 		
0x02A7	0x0A76      	INCF       R6, 0
;__Lib_MathDouble.c,899 :: 		
0x02A8	0x07F2      	ADDWF      R2, 1
;__Lib_MathDouble.c,900 :: 		
0x02A9	0x107D      	BCF        R13, 0
;__Lib_MathDouble.c,901 :: 		
DOK32:
;__Lib_MathDouble.c,903 :: 		
0x02AA	0x03FA      	DECF       R10, 1
;__Lib_MathDouble.c,904 :: 		
0x02AB	0x301F      	MOVLW      31
;__Lib_MathDouble.c,905 :: 		
0x02AC	0x057A      	ANDWF      R10, 0
;__Lib_MathDouble.c,906 :: 		
0x02AD	0x1D03      	BTFSS      STATUS, 2
;__Lib_MathDouble.c,907 :: 		
0x02AE	0x2A88      	GOTO       DLOOP32
;__Lib_MathDouble.c,909 :: 		
0x02AF	0x1B7B      	BTFSC      R11, 6
;__Lib_MathDouble.c,910 :: 		
0x02B0	0x1C7D      	BTFSS      R13, 0
;__Lib_MathDouble.c,911 :: 		
0x02B1	0x2AD1      	GOTO       DIV32OK
;__Lib_MathDouble.c,912 :: 		
0x02B2	0x1003      	BCF        STATUS, 0
;__Lib_MathDouble.c,913 :: 		
0x02B3	0x0DF0      	RLF        R0, 1
;__Lib_MathDouble.c,914 :: 		
0x02B4	0x0DF1      	RLF        R1, 1
;__Lib_MathDouble.c,915 :: 		
0x02B5	0x0DF2      	RLF        R2, 1
;__Lib_MathDouble.c,916 :: 		
0x02B6	0x0DA0      	RLF        __math_tempbD, 1
;__Lib_MathDouble.c,918 :: 		
0x02B7	0x0874      	MOVF       R4, 0
;__Lib_MathDouble.c,919 :: 		
0x02B8	0x02F0      	SUBWF      R0, 1
;__Lib_MathDouble.c,920 :: 		
0x02B9	0x0875      	MOVF       R5, 0
;__Lib_MathDouble.c,921 :: 		
0x02BA	0x1C03      	BTFSS      STATUS, 0
;__Lib_MathDouble.c,922 :: 		
0x02BB	0x0F75      	INCFSZ     R5, 0
;__Lib_MathDouble.c,923 :: 		
0x02BC	0x02F1      	SUBWF      R1, 1
;__Lib_MathDouble.c,924 :: 		
0x02BD	0x0876      	MOVF       R6, 0
;__Lib_MathDouble.c,925 :: 		
0x02BE	0x1C03      	BTFSS      STATUS, 0
;__Lib_MathDouble.c,926 :: 		
0x02BF	0x0F76      	INCFSZ     R6, 0
;__Lib_MathDouble.c,927 :: 		
0x02C0	0x02F2      	SUBWF      R2, 1
;__Lib_MathDouble.c,928 :: 		
0x02C1	0x0D76      	RLF        R6, 0
;__Lib_MathDouble.c,929 :: 		
0x02C2	0x0420      	IORWF      __math_tempbD, 0
;__Lib_MathDouble.c,930 :: 		
0x02C3	0x3901      	ANDLW      1
;__Lib_MathDouble.c,931 :: 		
0x02C4	0x07FD      	ADDWF      R13, 1
;__Lib_MathDouble.c,932 :: 		
0x02C5	0x1803      	BTFSC      STATUS, 0
;__Lib_MathDouble.c,933 :: 		
0x02C6	0x0AFC      	INCF       R12, 1
;__Lib_MathDouble.c,934 :: 		
0x02C7	0x1903      	BTFSC      STATUS, 2
;__Lib_MathDouble.c,935 :: 		
0x02C8	0x0AF8      	INCF       R8, 1
;__Lib_MathDouble.c,936 :: 		
0x02C9	0x1D03      	BTFSS      STATUS, 2
;__Lib_MathDouble.c,937 :: 		
0x02CA	0x2AD1      	GOTO       DIV32OK
;__Lib_MathDouble.c,938 :: 		
0x02CB	0x0CF8      	RRF        R8, 1
;__Lib_MathDouble.c,939 :: 		
0x02CC	0x0CFC      	RRF        R12, 1
;__Lib_MathDouble.c,940 :: 		
0x02CD	0x0CFD      	RRF        R13, 1
;__Lib_MathDouble.c,941 :: 		
0x02CE	0x0AF3      	INCF       R3, 1
;__Lib_MathDouble.c,942 :: 		
0x02CF	0x1903      	BTFSC      STATUS, 2
;__Lib_MathDouble.c,943 :: 		
0x02D0	0x2AE1      	GOTO       JPDSETFOV32
;__Lib_MathDouble.c,944 :: 		
DIV32OK:
;__Lib_MathDouble.c,945 :: 		
0x02D1	0x1FFA      	BTFSS      R10, 7
;__Lib_MathDouble.c,946 :: 		
0x02D2	0x13F8      	BCF        R8, 7
;__Lib_MathDouble.c,947 :: 		
0x02D3	0x0878      	MOVF       R8, 0
;__Lib_MathDouble.c,948 :: 		
0x02D4	0x00F2      	MOVWF      R2
;__Lib_MathDouble.c,949 :: 		
0x02D5	0x087C      	MOVF       R12, 0
;__Lib_MathDouble.c,950 :: 		
0x02D6	0x00F1      	MOVWF      R1
;__Lib_MathDouble.c,951 :: 		
0x02D7	0x087D      	MOVF       R13, 0
;__Lib_MathDouble.c,952 :: 		
0x02D8	0x00F0      	MOVWF      R0
;__Lib_MathDouble.c,954 :: 		
0x02D9	0x3000      	MOVLW      0
;__Lib_MathDouble.c,956 :: 		
0x02DA	0x2AE6      	GOTO       DIV32EEE
;__Lib_MathDouble.c,957 :: 		
JPDSETFDZ32:
;__Lib_MathDouble.c,958 :: 		
0x02DB	0x3001      	MOVLW      1
;__Lib_MathDouble.c,961 :: 		
0x02DC	0x205D      	CALL       _SETFDZ32
;__Lib_MathDouble.c,963 :: 		
0x02DD	0x2AE6      	GOTO       DIV32EEE
;__Lib_MathDouble.c,964 :: 		
JPDRES032:
;__Lib_MathDouble.c,965 :: 		
0x02DE	0x3002      	MOVLW      2
;__Lib_MathDouble.c,968 :: 		
0x02DF	0x200A      	CALL       _RES032
;__Lib_MathDouble.c,970 :: 		
0x02E0	0x2AE6      	GOTO       DIV32EEE
;__Lib_MathDouble.c,971 :: 		
JPDSETFOV32:
;__Lib_MathDouble.c,972 :: 		
0x02E1	0x3004      	MOVLW      4
;__Lib_MathDouble.c,975 :: 		
0x02E2	0x20E4      	CALL       _SETFOV32
;__Lib_MathDouble.c,977 :: 		
0x02E3	0x2AE6      	GOTO       DIV32EEE
;__Lib_MathDouble.c,978 :: 		
JPDSETFUN32:
;__Lib_MathDouble.c,979 :: 		
0x02E4	0x3008      	MOVLW      8
;__Lib_MathDouble.c,982 :: 		
0x02E5	0x2011      	CALL       _SETFUN32
;__Lib_MathDouble.c,984 :: 		
DIV32EEE:
;__Lib_MathDouble.c,985 :: 		
0x02E6	0x0000      	NOP
;__Lib_MathDouble.c,994 :: 		
L_end_Div_32x32_FP:
0x02E7	0x0008      	RETURN
; end of _Div_32x32_FP
_double2int:
;__Lib_MathDouble.c,1391 :: 		
;__Lib_MathDouble.c,1399 :: 		
0x02E8	0x1283      	BCF        STATUS, 5
;__Lib_MathDouble.c,1400 :: 		
0x02E9	0x1303      	BCF        STATUS, 6
;__Lib_MathDouble.c,1402 :: 		
0x02EA	0x01FB      	CLRF       R11
;__Lib_MathDouble.c,1403 :: 		
0x02EB	0x0873      	MOVF       R3, 0
;__Lib_MathDouble.c,1404 :: 		
0x02EC	0x1903      	BTFSC      STATUS, 2
;__Lib_MathDouble.c,1405 :: 		
0x02ED	0x2B25      	GOTO       IRES016
;__Lib_MathDouble.c,1407 :: 		
0x02EE	0x0872      	MOVF       R2, 0
;__Lib_MathDouble.c,1408 :: 		
0x02EF	0x00FA      	MOVWF      R10
;__Lib_MathDouble.c,1409 :: 		
0x02F0	0x17F2      	BSF        R2, 7
;__Lib_MathDouble.c,1411 :: 		
0x02F1	0x308E      	MOVLW      142
;__Lib_MathDouble.c,1412 :: 		
0x02F2	0x02F3      	SUBWF      R3, 1
;__Lib_MathDouble.c,1413 :: 		
0x02F3	0x1FF3      	BTFSS      R3, 7
;__Lib_MathDouble.c,1414 :: 		
0x02F4	0x2B28      	GOTO       SETIOV16
;__Lib_MathDouble.c,1415 :: 		
0x02F5	0x09F3      	COMF       R3, 1
;__Lib_MathDouble.c,1416 :: 		
0x02F6	0x0AF3      	INCF       R3, 1
;__Lib_MathDouble.c,1418 :: 		
0x02F7	0x3008      	MOVLW      8
;__Lib_MathDouble.c,1419 :: 		
0x02F8	0x0273      	SUBWF      R3, 0
;__Lib_MathDouble.c,1420 :: 		
0x02F9	0x1C03      	BTFSS      STATUS, 0
;__Lib_MathDouble.c,1421 :: 		
0x02FA	0x2B0B      	GOTO       TSHIFT3216
;__Lib_MathDouble.c,1422 :: 		
0x02FB	0x00F3      	MOVWF      R3
;__Lib_MathDouble.c,1423 :: 		
0x02FC	0x0DF1      	RLF        R1, 1
;__Lib_MathDouble.c,1424 :: 		
0x02FD	0x0872      	MOVF       R2, 0
;__Lib_MathDouble.c,1425 :: 		
0x02FE	0x00F1      	MOVWF      R1
;__Lib_MathDouble.c,1426 :: 		
0x02FF	0x01F2      	CLRF       R2
;__Lib_MathDouble.c,1428 :: 		
0x0300	0x3008      	MOVLW      8
;__Lib_MathDouble.c,1429 :: 		
0x0301	0x0273      	SUBWF      R3, 0
;__Lib_MathDouble.c,1430 :: 		
0x0302	0x1C03      	BTFSS      STATUS, 0
;__Lib_MathDouble.c,1431 :: 		
0x0303	0x2B0B      	GOTO       TSHIFT3216
;__Lib_MathDouble.c,1432 :: 		
0x0304	0x00F3      	MOVWF      R3
;__Lib_MathDouble.c,1433 :: 		
0x0305	0x0DF1      	RLF        R1, 1
;__Lib_MathDouble.c,1434 :: 		
0x0306	0x01F1      	CLRF       R1
;__Lib_MathDouble.c,1436 :: 		
0x0307	0x0873      	MOVF       R3, 0
;__Lib_MathDouble.c,1437 :: 		
0x0308	0x1D03      	BTFSS      STATUS, 2
;__Lib_MathDouble.c,1438 :: 		
0x0309	0x1003      	BCF        STATUS, 0
;__Lib_MathDouble.c,1439 :: 		
0x030A	0x2B13      	GOTO       SHIFT3216OK
;__Lib_MathDouble.c,1440 :: 		
TSHIFT3216:
;__Lib_MathDouble.c,1441 :: 		
0x030B	0x0873      	MOVF       R3, 0
;__Lib_MathDouble.c,1442 :: 		
0x030C	0x1903      	BTFSC      STATUS, 2
;__Lib_MathDouble.c,1443 :: 		
0x030D	0x2B13      	GOTO       SHIFT3216OK
;__Lib_MathDouble.c,1444 :: 		
SHIFT3216:
;__Lib_MathDouble.c,1445 :: 		
0x030E	0x1003      	BCF        STATUS, 0
;__Lib_MathDouble.c,1446 :: 		
0x030F	0x0CF2      	RRF        R2, 1
;__Lib_MathDouble.c,1447 :: 		
0x0310	0x0CF1      	RRF        R1, 1
;__Lib_MathDouble.c,1448 :: 		
0x0311	0x0BF3      	DECFSZ     R3, 1
;__Lib_MathDouble.c,1449 :: 		
0x0312	0x2B0E      	GOTO       SHIFT3216
;__Lib_MathDouble.c,1450 :: 		
SHIFT3216OK:
;__Lib_MathDouble.c,1451 :: 		
0x0313	0x1B7B      	BTFSC      R11, 6
;__Lib_MathDouble.c,1452 :: 		
0x0314	0x1C71      	BTFSS      R1, 0
;__Lib_MathDouble.c,1453 :: 		
0x0315	0x2B1D      	GOTO       INT3216OK
;__Lib_MathDouble.c,1454 :: 		
0x0316	0x1C03      	BTFSS      STATUS, 0
;__Lib_MathDouble.c,1455 :: 		
0x0317	0x2B1D      	GOTO       INT3216OK
;__Lib_MathDouble.c,1456 :: 		
0x0318	0x0AF1      	INCF       R1, 1
;__Lib_MathDouble.c,1457 :: 		
0x0319	0x1903      	BTFSC      STATUS, 2
;__Lib_MathDouble.c,1458 :: 		
0x031A	0x0AF2      	INCF       R2, 1
;__Lib_MathDouble.c,1459 :: 		
0x031B	0x1BF2      	BTFSC      R2, 7
;__Lib_MathDouble.c,1460 :: 		
0x031C	0x2B34      	GOTO       JPJSETIOV3224
;__Lib_MathDouble.c,1461 :: 		
INT3216OK:
;__Lib_MathDouble.c,1462 :: 		
0x031D	0x1FFA      	BTFSS      R10, 7
;__Lib_MathDouble.c,1463 :: 		
0x031E	0x2B37      	GOTO       INT3216EOK
;__Lib_MathDouble.c,1465 :: 		
0x031F	0x09F2      	COMF       R2, 1
;__Lib_MathDouble.c,1466 :: 		
0x0320	0x09F1      	COMF       R1, 1
;__Lib_MathDouble.c,1467 :: 		
0x0321	0x0AF1      	INCF       R1, 1
;__Lib_MathDouble.c,1468 :: 		
0x0322	0x1903      	BTFSC      STATUS, 2
;__Lib_MathDouble.c,1469 :: 		
0x0323	0x0AF2      	INCF       R2, 1
;__Lib_MathDouble.c,1470 :: 		
0x0324	0x2B37      	GOTO       INT3216EOK
;__Lib_MathDouble.c,1472 :: 		
IRES016:
;__Lib_MathDouble.c,1473 :: 		
0x0325	0x01F2      	CLRF       R2
;__Lib_MathDouble.c,1474 :: 		
0x0326	0x01F1      	CLRF       R1
;__Lib_MathDouble.c,1475 :: 		
0x0327	0x2B37      	GOTO       INT3216EOK
;__Lib_MathDouble.c,1476 :: 		
SETIOV16:
;__Lib_MathDouble.c,1477 :: 		
0x0328	0x147B      	BSF        R11, 0
;__Lib_MathDouble.c,1478 :: 		
0x0329	0x1FFB      	BTFSS      R11, 7
;__Lib_MathDouble.c,1479 :: 		
0x032A	0x2B3A      	GOTO       INT3216EER
;__Lib_MathDouble.c,1481 :: 		
0x032B	0x01F2      	CLRF       R2
;__Lib_MathDouble.c,1482 :: 		
0x032C	0x1FFA      	BTFSS      R10, 7
;__Lib_MathDouble.c,1483 :: 		
0x032D	0x2B3A      	GOTO       INT3216EER
;__Lib_MathDouble.c,1484 :: 		
0x032E	0x30FF      	MOVLW      255
;__Lib_MathDouble.c,1485 :: 		
0x032F	0x00F2      	MOVWF      R2
;__Lib_MathDouble.c,1486 :: 		
0x0330	0x00F1      	MOVWF      R1
;__Lib_MathDouble.c,1487 :: 		
0x0331	0x0DFA      	RLF        R10, 1
;__Lib_MathDouble.c,1488 :: 		
0x0332	0x0CF2      	RRF        R2, 1
;__Lib_MathDouble.c,1489 :: 		
0x0333	0x2B3A      	GOTO       INT3216EER
;__Lib_MathDouble.c,1491 :: 		
JPJSETIOV3224:
;__Lib_MathDouble.c,1492 :: 		
0x0334	0x3001      	MOVLW      1
;__Lib_MathDouble.c,1493 :: 		
0x0335	0x00FC      	MOVWF      R12
;__Lib_MathDouble.c,1494 :: 		
0x0336	0x2B3C      	GOTO       INT3216EEE
;__Lib_MathDouble.c,1495 :: 		
INT3216EOK:
;__Lib_MathDouble.c,1496 :: 		
0x0337	0x3000      	MOVLW      0
;__Lib_MathDouble.c,1497 :: 		
0x0338	0x00FC      	MOVWF      R12
;__Lib_MathDouble.c,1498 :: 		
0x0339	0x2B3C      	GOTO       INT3216EEE
;__Lib_MathDouble.c,1499 :: 		
INT3216EER:
;__Lib_MathDouble.c,1500 :: 		
0x033A	0x30FF      	MOVLW      255
;__Lib_MathDouble.c,1501 :: 		
0x033B	0x00FC      	MOVWF      R12
;__Lib_MathDouble.c,1502 :: 		
INT3216EEE:
;__Lib_MathDouble.c,1505 :: 		
0x033C	0x08FC      	MOVF       R12, 1
;__Lib_MathDouble.c,1507 :: 		
0x033D	0x1903      	BTFSC      STATUS, 2
;__Lib_MathDouble.c,1508 :: 		
0x033E	0x2B40      	GOTO       L_Double2Int_0
;__Lib_MathDouble.c,1510 :: 		
0x033F	0x2060      	CALL       _SETIOV3224
;__Lib_MathDouble.c,1512 :: 		
L_Double2Int_0:
;__Lib_MathDouble.c,1513 :: 		
0x0340	0x0871      	MOVF       R1, 0
;__Lib_MathDouble.c,1514 :: 		
0x0341	0x00F0      	MOVWF      R0
;__Lib_MathDouble.c,1515 :: 		
0x0342	0x0872      	MOVF       R2, 0
;__Lib_MathDouble.c,1516 :: 		
0x0343	0x00F1      	MOVWF      R1
;__Lib_MathDouble.c,1520 :: 		
L_end_double2int:
0x0344	0x0008      	RETURN
; end of _double2int
_____DoICP:
;__Lib_System.c,6 :: 		
;__Lib_System.c,9 :: 		
0x0345	0x1283      	BCF        STATUS, 5
0x0346	0x1303      	BCF        STATUS, 6
0x0347	0x084D      	MOVF       ___DoICPAddr+1, 0
0x0348	0x008A      	MOVWF      PCLATH
;__Lib_System.c,10 :: 		
0x0349	0x084C      	MOVF       ___DoICPAddr, 0
0x034A	0x0082      	MOVWF      PCL
;__Lib_System.c,12 :: 		
L_end_____DoICP:
0x034B	0x0008      	RETURN
; end of _____DoICP
_displayTemp:
;real.c,53 :: 		void displayTemp(){
;real.c,55 :: 		x=temp/100;
0x034C	0x3064      	MOVLW      100
0x034D	0x1283      	BCF        STATUS, 5
0x034E	0x1303      	BCF        STATUS, 6
0x034F	0x00F4      	MOVWF      R4
0x0350	0x3000      	MOVLW      0
0x0351	0x00F5      	MOVWF      R4+1
0x0352	0x0852      	MOVF       _temp, 0
0x0353	0x00F0      	MOVWF      R0
0x0354	0x0853      	MOVF       _temp+1, 0
0x0355	0x00F1      	MOVWF      R0+1
0x0356	0x2175      	CALL       _Div_16x16_S
;real.c,56 :: 		lcd_chr(2,6,48+x);
0x0357	0x3002      	MOVLW      2
0x0358	0x00DC      	MOVWF      FARG_Lcd_Chr_row
0x0359	0x3006      	MOVLW      6
0x035A	0x00DD      	MOVWF      FARG_Lcd_Chr_column
0x035B	0x0870      	MOVF       R0, 0
0x035C	0x3E30      	ADDLW      48
0x035D	0x00DE      	MOVWF      FARG_Lcd_Chr_out_char
0x035E	0x21FC      	CALL       _Lcd_Chr
;real.c,57 :: 		x=(temp%100)/10;
0x035F	0x3064      	MOVLW      100
0x0360	0x00F4      	MOVWF      R4
0x0361	0x3000      	MOVLW      0
0x0362	0x00F5      	MOVWF      R4+1
0x0363	0x0852      	MOVF       _temp, 0
0x0364	0x00F0      	MOVWF      R0
0x0365	0x0853      	MOVF       _temp+1, 0
0x0366	0x00F1      	MOVWF      R0+1
0x0367	0x2175      	CALL       _Div_16x16_S
0x0368	0x0878      	MOVF       R8, 0
0x0369	0x00F0      	MOVWF      R0
0x036A	0x0879      	MOVF       R8+1, 0
0x036B	0x00F1      	MOVWF      R0+1
0x036C	0x300A      	MOVLW      10
0x036D	0x00F4      	MOVWF      R4
0x036E	0x3000      	MOVLW      0
0x036F	0x00F5      	MOVWF      R4+1
0x0370	0x2175      	CALL       _Div_16x16_S
;real.c,58 :: 		lcd_chr(2,7,48+x);
0x0371	0x3002      	MOVLW      2
0x0372	0x00DC      	MOVWF      FARG_Lcd_Chr_row
0x0373	0x3007      	MOVLW      7
0x0374	0x00DD      	MOVWF      FARG_Lcd_Chr_column
0x0375	0x0870      	MOVF       R0, 0
0x0376	0x3E30      	ADDLW      48
0x0377	0x00DE      	MOVWF      FARG_Lcd_Chr_out_char
0x0378	0x21FC      	CALL       _Lcd_Chr
;real.c,59 :: 		x=temp%10;
0x0379	0x300A      	MOVLW      10
0x037A	0x00F4      	MOVWF      R4
0x037B	0x3000      	MOVLW      0
0x037C	0x00F5      	MOVWF      R4+1
0x037D	0x0852      	MOVF       _temp, 0
0x037E	0x00F0      	MOVWF      R0
0x037F	0x0853      	MOVF       _temp+1, 0
0x0380	0x00F1      	MOVWF      R0+1
0x0381	0x2175      	CALL       _Div_16x16_S
0x0382	0x0878      	MOVF       R8, 0
0x0383	0x00F0      	MOVWF      R0
0x0384	0x0879      	MOVF       R8+1, 0
0x0385	0x00F1      	MOVWF      R0+1
;real.c,60 :: 		lcd_chr(2,8,48+x);
0x0386	0x3002      	MOVLW      2
0x0387	0x00DC      	MOVWF      FARG_Lcd_Chr_row
0x0388	0x3008      	MOVLW      8
0x0389	0x00DD      	MOVWF      FARG_Lcd_Chr_column
0x038A	0x0870      	MOVF       R0, 0
0x038B	0x3E30      	ADDLW      48
0x038C	0x00DE      	MOVWF      FARG_Lcd_Chr_out_char
0x038D	0x21FC      	CALL       _Lcd_Chr
;real.c,62 :: 		}
L_end_displayTemp:
0x038E	0x0008      	RETURN
; end of _displayTemp
_ReadTemp:
;real.c,48 :: 		void ReadTemp() {
;real.c,49 :: 		dgtl= adc_read(1);
0x038F	0x3001      	MOVLW      1
0x0390	0x1283      	BCF        STATUS, 5
0x0391	0x1303      	BCF        STATUS, 6
0x0392	0x00DC      	MOVWF      FARG_ADC_Read_channel
0x0393	0x2151      	CALL       _ADC_Read
0x0394	0x21DE      	CALL       _word2double
0x0395	0x0870      	MOVF       R0, 0
0x0396	0x00CE      	MOVWF      _dgtl
0x0397	0x0871      	MOVF       R0+1, 0
0x0398	0x00CF      	MOVWF      _dgtl+1
0x0399	0x0872      	MOVF       R0+2, 0
0x039A	0x00D0      	MOVWF      _dgtl+2
0x039B	0x0873      	MOVF       R0+3, 0
0x039C	0x00D1      	MOVWF      _dgtl+3
;real.c,50 :: 		anlg= (dgtl*5)/1023;
0x039D	0x3000      	MOVLW      0
0x039E	0x00F4      	MOVWF      R4
0x039F	0x3000      	MOVLW      0
0x03A0	0x00F5      	MOVWF      R4+1
0x03A1	0x3020      	MOVLW      32
0x03A2	0x00F6      	MOVWF      R4+2
0x03A3	0x3081      	MOVLW      129
0x03A4	0x00F7      	MOVWF      R4+3
0x03A5	0x20F0      	CALL       _Mul_32x32_FP
0x03A6	0x3000      	MOVLW      0
0x03A7	0x00F4      	MOVWF      R4
0x03A8	0x30C0      	MOVLW      192
0x03A9	0x00F5      	MOVWF      R4+1
0x03AA	0x307F      	MOVLW      127
0x03AB	0x00F6      	MOVWF      R4+2
0x03AC	0x3088      	MOVLW      136
0x03AD	0x00F7      	MOVWF      R4+3
0x03AE	0x2231      	CALL       _Div_32x32_FP
0x03AF	0x0870      	MOVF       R0, 0
0x03B0	0x00D4      	MOVWF      _anlg
0x03B1	0x0871      	MOVF       R0+1, 0
0x03B2	0x00D5      	MOVWF      _anlg+1
0x03B3	0x0872      	MOVF       R0+2, 0
0x03B4	0x00D6      	MOVWF      _anlg+2
0x03B5	0x0873      	MOVF       R0+3, 0
0x03B6	0x00D7      	MOVWF      _anlg+3
;real.c,51 :: 		temp=anlg*100;
0x03B7	0x3000      	MOVLW      0
0x03B8	0x00F4      	MOVWF      R4
0x03B9	0x3000      	MOVLW      0
0x03BA	0x00F5      	MOVWF      R4+1
0x03BB	0x3048      	MOVLW      72
0x03BC	0x00F6      	MOVWF      R4+2
0x03BD	0x3085      	MOVLW      133
0x03BE	0x00F7      	MOVWF      R4+3
0x03BF	0x20F0      	CALL       _Mul_32x32_FP
0x03C0	0x22E8      	CALL       _double2int
0x03C1	0x0870      	MOVF       R0, 0
0x03C2	0x00D2      	MOVWF      _temp
0x03C3	0x0871      	MOVF       R0+1, 0
0x03C4	0x00D3      	MOVWF      _temp+1
;real.c,52 :: 		}
L_end_ReadTemp:
0x03C5	0x0008      	RETURN
; end of _ReadTemp
_Lcd_Out:
;__Lib_Lcd.c,184 :: 		
;__Lib_Lcd.c,187 :: 		
0x03C6	0x2BD8      	GOTO       L_Lcd_Out11
;__Lib_Lcd.c,188 :: 		
L_Lcd_Out13:
0x03C7	0x3080      	MOVLW      128
0x03C8	0x1283      	BCF        STATUS, 5
0x03C9	0x1303      	BCF        STATUS, 6
0x03CA	0x00D8      	MOVWF      FARG_Lcd_Out_row
0x03CB	0x2BEB      	GOTO       L_Lcd_Out12
;__Lib_Lcd.c,189 :: 		
L_Lcd_Out14:
0x03CC	0x30C0      	MOVLW      192
0x03CD	0x00D8      	MOVWF      FARG_Lcd_Out_row
0x03CE	0x2BEB      	GOTO       L_Lcd_Out12
;__Lib_Lcd.c,190 :: 		
L_Lcd_Out15:
0x03CF	0x3094      	MOVLW      148
0x03D0	0x00D8      	MOVWF      FARG_Lcd_Out_row
0x03D1	0x2BEB      	GOTO       L_Lcd_Out12
;__Lib_Lcd.c,191 :: 		
L_Lcd_Out16:
0x03D2	0x30D4      	MOVLW      212
0x03D3	0x00D8      	MOVWF      FARG_Lcd_Out_row
0x03D4	0x2BEB      	GOTO       L_Lcd_Out12
;__Lib_Lcd.c,192 :: 		
L_Lcd_Out17:
0x03D5	0x3080      	MOVLW      128
0x03D6	0x00D8      	MOVWF      FARG_Lcd_Out_row
;__Lib_Lcd.c,193 :: 		
0x03D7	0x2BEB      	GOTO       L_Lcd_Out12
L_Lcd_Out11:
0x03D8	0x1283      	BCF        STATUS, 5
0x03D9	0x1303      	BCF        STATUS, 6
0x03DA	0x0858      	MOVF       FARG_Lcd_Out_row, 0
0x03DB	0x3A01      	XORLW      1
0x03DC	0x1903      	BTFSC      STATUS, 2
0x03DD	0x2BC7      	GOTO       L_Lcd_Out13
0x03DE	0x0858      	MOVF       FARG_Lcd_Out_row, 0
0x03DF	0x3A02      	XORLW      2
0x03E0	0x1903      	BTFSC      STATUS, 2
0x03E1	0x2BCC      	GOTO       L_Lcd_Out14
0x03E2	0x0858      	MOVF       FARG_Lcd_Out_row, 0
0x03E3	0x3A03      	XORLW      3
0x03E4	0x1903      	BTFSC      STATUS, 2
0x03E5	0x2BCF      	GOTO       L_Lcd_Out15
0x03E6	0x0858      	MOVF       FARG_Lcd_Out_row, 0
0x03E7	0x3A04      	XORLW      4
0x03E8	0x1903      	BTFSC      STATUS, 2
0x03E9	0x2BD2      	GOTO       L_Lcd_Out16
0x03EA	0x2BD5      	GOTO       L_Lcd_Out17
L_Lcd_Out12:
;__Lib_Lcd.c,194 :: 		
0x03EB	0x0359      	DECF       FARG_Lcd_Out_column, 0
0x03EC	0x00F0      	MOVWF      R0
0x03ED	0x0858      	MOVF       FARG_Lcd_Out_row, 0
0x03EE	0x07F0      	ADDWF      R0, 1
0x03EF	0x0870      	MOVF       R0, 0
0x03F0	0x00D8      	MOVWF      FARG_Lcd_Out_row
;__Lib_Lcd.c,196 :: 		
0x03F1	0x0870      	MOVF       R0, 0
0x03F2	0x00DF      	MOVWF      FARG_Lcd_Cmd_out_char
0x03F3	0x206D      	CALL       _Lcd_Cmd
;__Lib_Lcd.c,197 :: 		
0x03F4	0x1048      	BCF        __Lib_Lcd_cmd_status, BitPos(__Lib_Lcd_cmd_status+0)
;__Lib_Lcd.c,198 :: 		
0x03F5	0x01DB      	CLRF       Lcd_Out_i_L0
;__Lib_Lcd.c,199 :: 		
L_Lcd_Out18:
0x03F6	0x085B      	MOVF       Lcd_Out_i_L0, 0
0x03F7	0x075A      	ADDWF      FARG_Lcd_Out_text, 0
0x03F8	0x0084      	MOVWF      FSR
0x03F9	0x0800      	MOVF       INDF, 0
0x03FA	0x1903      	BTFSC      STATUS, 2
0x03FB	0x2C04      	GOTO       L_Lcd_Out19
;__Lib_Lcd.c,200 :: 		
0x03FC	0x085B      	MOVF       Lcd_Out_i_L0, 0
0x03FD	0x075A      	ADDWF      FARG_Lcd_Out_text, 0
0x03FE	0x0084      	MOVWF      FSR
0x03FF	0x0800      	MOVF       INDF, 0
0x0400	0x00DC      	MOVWF      FARG_Lcd_Chr_CP_out_char
0x0401	0x21F4      	CALL       _Lcd_Chr_CP
0x0402	0x0ADB      	INCF       Lcd_Out_i_L0, 1
0x0403	0x2BF6      	GOTO       L_Lcd_Out18
L_Lcd_Out19:
;__Lib_Lcd.c,201 :: 		
0x0404	0x1448      	BSF        __Lib_Lcd_cmd_status, BitPos(__Lib_Lcd_cmd_status+0)
;__Lib_Lcd.c,202 :: 		
L_end_Lcd_Out:
0x0405	0x0008      	RETURN
; end of _Lcd_Out
_ADC_Init:
;__Lib_ADC_A_C.c,9 :: 		
;__Lib_ADC_A_C.c,10 :: 		
0x0406	0x30FF      	MOVLW      _ADC_Get_Sample
0x0407	0x1283      	BCF        STATUS, 5
0x0408	0x1303      	BCF        STATUS, 6
0x0409	0x00C9      	MOVWF      _ADC_Get_Sample_Ptr
0x040A	0x30FF      	MOVLW      hi_addr(_ADC_Get_Sample)
0x040B	0x00CA      	MOVWF      _ADC_Get_Sample_Ptr+1
0x040C	0x30FF      	MOVLW      FARG_ADC_Get_Sample_channel
0x040D	0x00CB      	MOVWF      _ADC_Get_Sample_Ptr+2
0x040E	0x30FF      	MOVLW      hi_addr(FARG_ADC_Get_Sample_channel)
;__Lib_ADC_A_C.c,12 :: 		
0x040F	0x019F      	CLRF       ADCON0
;__Lib_ADC_A_C.c,13 :: 		
0x0410	0x30C0      	MOVLW      192
0x0411	0x049F      	IORWF      ADCON0, 1
;__Lib_ADC_A_C.c,14 :: 		
0x0412	0x1683      	BSF        STATUS, 5
0x0413	0x171F      	BSF        ADCON1, 6
;__Lib_ADC_A_C.c,15 :: 		
0x0414	0x179F      	BSF        ADCON1, 7
;__Lib_ADC_A_C.c,18 :: 		
0x0415	0x1283      	BCF        STATUS, 5
0x0416	0x141F      	BSF        ADCON0, 0
;__Lib_ADC_A_C.c,19 :: 		
L_end_ADC_Init:
0x0417	0x0008      	RETURN
; end of _ADC_Init
___CC2DW:
;__Lib_System.c,134 :: 		
;__Lib_System.c,137 :: 		
_CC2D_Loop1:
;__Lib_System.c,139 :: 		
0x0418	0x2345      	CALL       _____DoICP
0x0419	0x118A      	BCF        PCLATH, 3
0x041A	0x120A      	BCF        PCLATH, 4
;__Lib_System.c,141 :: 		
0x041B	0x0080      	MOVWF      INDF
;__Lib_System.c,142 :: 		
0x041C	0x0A84      	INCF       FSR, 1
;__Lib_System.c,143 :: 		
0x041D	0x0ACC      	INCF       ___DoICPAddr, 1
;__Lib_System.c,145 :: 		
0x041E	0x1903      	BTFSC      STATUS, 2
;__Lib_System.c,146 :: 		
0x041F	0x0ACD      	INCF       ___DoICPAddr+1, 1
;__Lib_System.c,147 :: 		
0x0420	0x03F0      	DECF       R0, 1
;__Lib_System.c,149 :: 		
0x0421	0x1D03      	BTFSS      STATUS, 2
;__Lib_System.c,150 :: 		
0x0422	0x2C18      	GOTO       _CC2D_Loop1
;__Lib_System.c,152 :: 		
L_end___CC2DW:
0x0423	0x0008      	RETURN
; end of ___CC2DW
_Lcd_Init:
;__Lib_Lcd.c,84 :: 		
;__Lib_Lcd.c,86 :: 		
0x0424	0x1683      	BSF        STATUS, 5
0x0425	0x1303      	BCF        STATUS, 6
0x0426	0x1086      	BCF        LCD_EN_Direction, BitPos(LCD_EN_Direction+0)
;__Lib_Lcd.c,87 :: 		
0x0427	0x1006      	BCF        LCD_RS_Direction, BitPos(LCD_RS_Direction+0)
;__Lib_Lcd.c,88 :: 		
0x0428	0x1106      	BCF        LCD_D4_Direction, BitPos(LCD_D4_Direction+0)
;__Lib_Lcd.c,89 :: 		
0x0429	0x1186      	BCF        LCD_D5_Direction, BitPos(LCD_D5_Direction+0)
;__Lib_Lcd.c,90 :: 		
0x042A	0x1206      	BCF        LCD_D6_Direction, BitPos(LCD_D6_Direction+0)
;__Lib_Lcd.c,91 :: 		
0x042B	0x1286      	BCF        LCD_D7_Direction, BitPos(LCD_D7_Direction+0)
;__Lib_Lcd.c,93 :: 		
0x042C	0x1283      	BCF        STATUS, 5
0x042D	0x1086      	BCF        LCD_EN, BitPos(LCD_EN+0)
;__Lib_Lcd.c,94 :: 		
0x042E	0x1006      	BCF        LCD_RS, BitPos(LCD_RS+0)
;__Lib_Lcd.c,95 :: 		
0x042F	0x1286      	BCF        LCD_D7, BitPos(LCD_D7+0)
;__Lib_Lcd.c,96 :: 		
0x0430	0x1206      	BCF        LCD_D6, BitPos(LCD_D6+0)
;__Lib_Lcd.c,97 :: 		
0x0431	0x1186      	BCF        LCD_D5, BitPos(LCD_D5+0)
;__Lib_Lcd.c,98 :: 		
0x0432	0x1106      	BCF        LCD_D4, BitPos(LCD_D4+0)
;__Lib_Lcd.c,100 :: 		
0x0433	0x2024      	CALL       _Delay_5500us
;__Lib_Lcd.c,101 :: 		
0x0434	0x2024      	CALL       _Delay_5500us
;__Lib_Lcd.c,102 :: 		
0x0435	0x2024      	CALL       _Delay_5500us
;__Lib_Lcd.c,105 :: 		
0x0436	0x1586      	BSF        LCD_D5, BitPos(LCD_D5+0)
;__Lib_Lcd.c,106 :: 		
0x0437	0x1506      	BSF        LCD_D4, BitPos(LCD_D4+0)
;__Lib_Lcd.c,107 :: 		
0x0438	0x1486      	BSF        LCD_EN, BitPos(LCD_EN+0)
;__Lib_Lcd.c,108 :: 		
0x0439	0x201D      	CALL       _Delay_1us
;__Lib_Lcd.c,109 :: 		
0x043A	0x1086      	BCF        LCD_EN, BitPos(LCD_EN+0)
;__Lib_Lcd.c,110 :: 		
0x043B	0x2024      	CALL       _Delay_5500us
;__Lib_Lcd.c,112 :: 		
0x043C	0x1486      	BSF        LCD_EN, BitPos(LCD_EN+0)
;__Lib_Lcd.c,113 :: 		
0x043D	0x201D      	CALL       _Delay_1us
;__Lib_Lcd.c,114 :: 		
0x043E	0x1086      	BCF        LCD_EN, BitPos(LCD_EN+0)
;__Lib_Lcd.c,115 :: 		
0x043F	0x2024      	CALL       _Delay_5500us
;__Lib_Lcd.c,117 :: 		
0x0440	0x1486      	BSF        LCD_EN, BitPos(LCD_EN+0)
;__Lib_Lcd.c,118 :: 		
0x0441	0x201D      	CALL       _Delay_1us
;__Lib_Lcd.c,119 :: 		
0x0442	0x1086      	BCF        LCD_EN, BitPos(LCD_EN+0)
;__Lib_Lcd.c,120 :: 		
0x0443	0x2024      	CALL       _Delay_5500us
;__Lib_Lcd.c,123 :: 		
0x0444	0x1106      	BCF        LCD_D4, BitPos(LCD_D4+0)
;__Lib_Lcd.c,124 :: 		
0x0445	0x1486      	BSF        LCD_EN, BitPos(LCD_EN+0)
;__Lib_Lcd.c,125 :: 		
0x0446	0x201D      	CALL       _Delay_1us
;__Lib_Lcd.c,126 :: 		
0x0447	0x1086      	BCF        LCD_EN, BitPos(LCD_EN+0)
;__Lib_Lcd.c,127 :: 		
0x0448	0x2024      	CALL       _Delay_5500us
;__Lib_Lcd.c,130 :: 		
0x0449	0x1486      	BSF        LCD_EN, BitPos(LCD_EN+0)
;__Lib_Lcd.c,131 :: 		
0x044A	0x201D      	CALL       _Delay_1us
;__Lib_Lcd.c,132 :: 		
0x044B	0x1086      	BCF        LCD_EN, BitPos(LCD_EN+0)
;__Lib_Lcd.c,134 :: 		
0x044C	0x1186      	BCF        LCD_D5, BitPos(LCD_D5+0)
;__Lib_Lcd.c,135 :: 		
0x044D	0x1686      	BSF        LCD_D7, BitPos(LCD_D7+0)
;__Lib_Lcd.c,136 :: 		
0x044E	0x1486      	BSF        LCD_EN, BitPos(LCD_EN+0)
;__Lib_Lcd.c,137 :: 		
0x044F	0x201D      	CALL       _Delay_1us
;__Lib_Lcd.c,138 :: 		
0x0450	0x1086      	BCF        LCD_EN, BitPos(LCD_EN+0)
;__Lib_Lcd.c,139 :: 		
0x0451	0x2024      	CALL       _Delay_5500us
;__Lib_Lcd.c,142 :: 		
0x0452	0x1286      	BCF        LCD_D7, BitPos(LCD_D7+0)
;__Lib_Lcd.c,143 :: 		
0x0453	0x1506      	BSF        LCD_D4, BitPos(LCD_D4+0)
;__Lib_Lcd.c,144 :: 		
0x0454	0x1486      	BSF        LCD_EN, BitPos(LCD_EN+0)
;__Lib_Lcd.c,145 :: 		
0x0455	0x201D      	CALL       _Delay_1us
;__Lib_Lcd.c,146 :: 		
0x0456	0x1086      	BCF        LCD_EN, BitPos(LCD_EN+0)
;__Lib_Lcd.c,148 :: 		
0x0457	0x1106      	BCF        LCD_D4, BitPos(LCD_D4+0)
;__Lib_Lcd.c,149 :: 		
0x0458	0x1486      	BSF        LCD_EN, BitPos(LCD_EN+0)
;__Lib_Lcd.c,150 :: 		
0x0459	0x201D      	CALL       _Delay_1us
;__Lib_Lcd.c,151 :: 		
0x045A	0x1086      	BCF        LCD_EN, BitPos(LCD_EN+0)
;__Lib_Lcd.c,152 :: 		
0x045B	0x2024      	CALL       _Delay_5500us
;__Lib_Lcd.c,155 :: 		
0x045C	0x1486      	BSF        LCD_EN, BitPos(LCD_EN+0)
;__Lib_Lcd.c,156 :: 		
0x045D	0x201D      	CALL       _Delay_1us
;__Lib_Lcd.c,157 :: 		
0x045E	0x1086      	BCF        LCD_EN, BitPos(LCD_EN+0)
;__Lib_Lcd.c,159 :: 		
0x045F	0x1506      	BSF        LCD_D4, BitPos(LCD_D4+0)
;__Lib_Lcd.c,160 :: 		
0x0460	0x1486      	BSF        LCD_EN, BitPos(LCD_EN+0)
;__Lib_Lcd.c,161 :: 		
0x0461	0x201D      	CALL       _Delay_1us
;__Lib_Lcd.c,162 :: 		
0x0462	0x1086      	BCF        LCD_EN, BitPos(LCD_EN+0)
;__Lib_Lcd.c,163 :: 		
0x0463	0x2024      	CALL       _Delay_5500us
;__Lib_Lcd.c,166 :: 		
0x0464	0x1106      	BCF        LCD_D4, BitPos(LCD_D4+0)
;__Lib_Lcd.c,167 :: 		
0x0465	0x1486      	BSF        LCD_EN, BitPos(LCD_EN+0)
;__Lib_Lcd.c,168 :: 		
0x0466	0x201D      	CALL       _Delay_1us
;__Lib_Lcd.c,169 :: 		
0x0467	0x1086      	BCF        LCD_EN, BitPos(LCD_EN+0)
;__Lib_Lcd.c,171 :: 		
0x0468	0x1686      	BSF        LCD_D7, BitPos(LCD_D7+0)
;__Lib_Lcd.c,172 :: 		
0x0469	0x1606      	BSF        LCD_D6, BitPos(LCD_D6+0)
;__Lib_Lcd.c,173 :: 		
0x046A	0x1586      	BSF        LCD_D5, BitPos(LCD_D5+0)
;__Lib_Lcd.c,174 :: 		
0x046B	0x1506      	BSF        LCD_D4, BitPos(LCD_D4+0)
;__Lib_Lcd.c,175 :: 		
0x046C	0x1486      	BSF        LCD_EN, BitPos(LCD_EN+0)
;__Lib_Lcd.c,176 :: 		
0x046D	0x201D      	CALL       _Delay_1us
;__Lib_Lcd.c,177 :: 		
0x046E	0x1086      	BCF        LCD_EN, BitPos(LCD_EN+0)
;__Lib_Lcd.c,179 :: 		
0x046F	0x2024      	CALL       _Delay_5500us
;__Lib_Lcd.c,181 :: 		
0x0470	0x1448      	BSF        __Lib_Lcd_cmd_status, BitPos(__Lib_Lcd_cmd_status+0)
;__Lib_Lcd.c,182 :: 		
L_end_Lcd_Init:
0x0471	0x0008      	RETURN
; end of _Lcd_Init
_main:
0x0472	0x24E4      	CALL       1252
;real.c,21 :: 		void main() {
;real.c,23 :: 		Adc_Init();
0x0473	0x2406      	CALL       _ADC_Init
;real.c,24 :: 		Lcd_Init();
0x0474	0x2424      	CALL       _Lcd_Init
;real.c,25 :: 		trisc=0;
0x0475	0x1683      	BSF        STATUS, 5
0x0476	0x0187      	CLRF       TRISC
;real.c,26 :: 		portc=0x00;
0x0477	0x1283      	BCF        STATUS, 5
0x0478	0x0187      	CLRF       PORTC
;real.c,27 :: 		lcd_cmd(_lcd_clear);
0x0479	0x3001      	MOVLW      1
0x047A	0x00DF      	MOVWF      FARG_Lcd_Cmd_out_char
0x047B	0x206D      	CALL       _Lcd_Cmd
;real.c,28 :: 		lcd_cmd(_lcd_cursor_off);
0x047C	0x300C      	MOVLW      12
0x047D	0x00DF      	MOVWF      FARG_Lcd_Cmd_out_char
0x047E	0x206D      	CALL       _Lcd_Cmd
;real.c,29 :: 		lcd_out(1,1,"...DIGITAL...");
0x047F	0x3001      	MOVLW      1
0x0480	0x00D8      	MOVWF      FARG_Lcd_Out_row
0x0481	0x3001      	MOVLW      1
0x0482	0x00D9      	MOVWF      FARG_Lcd_Out_column
0x0483	0x302D      	MOVLW      ?lstr1_real
0x0484	0x00DA      	MOVWF      FARG_Lcd_Out_text
0x0485	0x23C6      	CALL       _Lcd_Out
;real.c,30 :: 		lcd_out(2,3,"THERMOMETER");
0x0486	0x3002      	MOVLW      2
0x0487	0x00D8      	MOVWF      FARG_Lcd_Out_row
0x0488	0x3003      	MOVLW      3
0x0489	0x00D9      	MOVWF      FARG_Lcd_Out_column
0x048A	0x3021      	MOVLW      ?lstr2_real
0x048B	0x00DA      	MOVWF      FARG_Lcd_Out_text
0x048C	0x23C6      	CALL       _Lcd_Out
;real.c,31 :: 		delay_ms(3000);
0x048D	0x301F      	MOVLW      31
0x048E	0x00FB      	MOVWF      R11
0x048F	0x3071      	MOVLW      113
0x0490	0x00FC      	MOVWF      R12
0x0491	0x301E      	MOVLW      30
0x0492	0x00FD      	MOVWF      R13
L_main0:
0x0493	0x0BFD      	DECFSZ     R13, 1
0x0494	0x2C93      	GOTO       L_main0
0x0495	0x0BFC      	DECFSZ     R12, 1
0x0496	0x2C93      	GOTO       L_main0
0x0497	0x0BFB      	DECFSZ     R11, 1
0x0498	0x2C93      	GOTO       L_main0
0x0499	0x0000      	NOP
;real.c,32 :: 		lcd_cmd(_lcd_clear);
0x049A	0x3001      	MOVLW      1
0x049B	0x00DF      	MOVWF      FARG_Lcd_Cmd_out_char
0x049C	0x206D      	CALL       _Lcd_Cmd
;real.c,37 :: 		lcd_out(1,3,"TEMPERATURE:");
0x049D	0x3001      	MOVLW      1
0x049E	0x00D8      	MOVWF      FARG_Lcd_Out_row
0x049F	0x3003      	MOVLW      3
0x04A0	0x00D9      	MOVWF      FARG_Lcd_Out_column
0x04A1	0x303B      	MOVLW      ?lstr3_real
0x04A2	0x00DA      	MOVWF      FARG_Lcd_Out_text
0x04A3	0x23C6      	CALL       _Lcd_Out
;real.c,38 :: 		lcd_chr(2,9,223);  // 223 is the ascii code for deg
0x04A4	0x3002      	MOVLW      2
0x04A5	0x00DC      	MOVWF      FARG_Lcd_Chr_row
0x04A6	0x3009      	MOVLW      9
0x04A7	0x00DD      	MOVWF      FARG_Lcd_Chr_column
0x04A8	0x30DF      	MOVLW      223
0x04A9	0x00DE      	MOVWF      FARG_Lcd_Chr_out_char
0x04AA	0x21FC      	CALL       _Lcd_Chr
;real.c,39 :: 		lcd_chr(2,10,'C');
0x04AB	0x3002      	MOVLW      2
0x04AC	0x00DC      	MOVWF      FARG_Lcd_Chr_row
0x04AD	0x300A      	MOVLW      10
0x04AE	0x00DD      	MOVWF      FARG_Lcd_Chr_column
0x04AF	0x3043      	MOVLW      67
0x04B0	0x00DE      	MOVWF      FARG_Lcd_Chr_out_char
0x04B1	0x21FC      	CALL       _Lcd_Chr
;real.c,40 :: 		porta=0;
0x04B2	0x0185      	CLRF       PORTA
;real.c,41 :: 		while(1){
L_main1:
;real.c,42 :: 		portc.f1=1;
0x04B3	0x1487      	BSF        PORTC, 1
;real.c,43 :: 		ReadTemp();
0x04B4	0x238F      	CALL       _ReadTemp
;real.c,44 :: 		displayTemp();
0x04B5	0x234C      	CALL       _displayTemp
;real.c,46 :: 		}}
0x04B6	0x2CB3      	GOTO       L_main1
L_end_main:
0x04B7	0x2CB7      	GOTO       $+0
; end of _main
0x04E4	0x3021      	MOVLW      33
0x04E5	0x0084      	MOVWF      FSR
0x04E6	0x3027      	MOVLW      39
0x04E7	0x1283      	BCF        STATUS, 5
0x04E8	0x1303      	BCF        STATUS, 6
0x04E9	0x00F0      	MOVWF      R0
0x04EA	0x30BD      	MOVLW      189
0x04EB	0x00CC      	MOVWF      ___DoICPAddr
0x04EC	0x3004      	MOVLW      4
0x04ED	0x00CD      	MOVWF      77
0x04EE	0x2418      	CALL       1048
0x04EF	0x0008      	RETURN
;real.c,0 :: ?ICS?lstr2_real
0x04BD	0x3454 ;?ICS?lstr2_real+0
0x04BE	0x3448 ;?ICS?lstr2_real+1
0x04BF	0x3445 ;?ICS?lstr2_real+2
0x04C0	0x3452 ;?ICS?lstr2_real+3
0x04C1	0x344D ;?ICS?lstr2_real+4
0x04C2	0x344F ;?ICS?lstr2_real+5
0x04C3	0x344D ;?ICS?lstr2_real+6
0x04C4	0x3445 ;?ICS?lstr2_real+7
0x04C5	0x3454 ;?ICS?lstr2_real+8
0x04C6	0x3445 ;?ICS?lstr2_real+9
0x04C7	0x3452 ;?ICS?lstr2_real+10
0x04C8	0x3400 ;?ICS?lstr2_real+11
; end of ?ICS?lstr2_real
;real.c,0 :: ?ICS?lstr1_real
0x04C9	0x342E ;?ICS?lstr1_real+0
0x04CA	0x342E ;?ICS?lstr1_real+1
0x04CB	0x342E ;?ICS?lstr1_real+2
0x04CC	0x3444 ;?ICS?lstr1_real+3
0x04CD	0x3449 ;?ICS?lstr1_real+4
0x04CE	0x3447 ;?ICS?lstr1_real+5
0x04CF	0x3449 ;?ICS?lstr1_real+6
0x04D0	0x3454 ;?ICS?lstr1_real+7
0x04D1	0x3441 ;?ICS?lstr1_real+8
0x04D2	0x344C ;?ICS?lstr1_real+9
0x04D3	0x342E ;?ICS?lstr1_real+10
0x04D4	0x342E ;?ICS?lstr1_real+11
0x04D5	0x342E ;?ICS?lstr1_real+12
0x04D6	0x3400 ;?ICS?lstr1_real+13
; end of ?ICS?lstr1_real
;real.c,0 :: ?ICS?lstr3_real
0x04D7	0x3454 ;?ICS?lstr3_real+0
0x04D8	0x3445 ;?ICS?lstr3_real+1
0x04D9	0x344D ;?ICS?lstr3_real+2
0x04DA	0x3450 ;?ICS?lstr3_real+3
0x04DB	0x3445 ;?ICS?lstr3_real+4
0x04DC	0x3452 ;?ICS?lstr3_real+5
0x04DD	0x3441 ;?ICS?lstr3_real+6
0x04DE	0x3454 ;?ICS?lstr3_real+7
0x04DF	0x3455 ;?ICS?lstr3_real+8
0x04E0	0x3452 ;?ICS?lstr3_real+9
0x04E1	0x3445 ;?ICS?lstr3_real+10
0x04E2	0x343A ;?ICS?lstr3_real+11
0x04E3	0x3400 ;?ICS?lstr3_real+12
; end of ?ICS?lstr3_real
Symbol List:
//** Routines locations **
//ADDRESS    SIZE    PROCEDURE
//----------------------------------------------
0x0003       [7]    _Delay_50us
0x000A       [7]    _RES032
0x0011      [12]    _SETFUN32
0x001D       [3]    _Delay_1us
0x0020       [4]    _FIXSIGN32
0x0024      [13]    _Delay_5500us
0x0031      [44]    _Div_16x16_S_L
0x005D       [3]    _SETFDZ32
0x0060      [13]    _SETIOV3224
0x006D      [64]    _Lcd_Cmd
0x00AD       [8]    _Delay_22us
0x00B5      [47]    _NRM3232
0x00E4      [12]    _SETFOV32
0x00F0      [97]    _Mul_32x32_FP
0x0151      [36]    _ADC_Read
0x0175     [105]    _Div_16x16_S
0x01DE      [22]    _word2double
0x01F4       [8]    _Lcd_Chr_CP
0x01FC      [53]    _Lcd_Chr
0x0231     [183]    _Div_32x32_FP
0x02E8      [93]    _double2int
0x0345       [7]    _____DoICP
0x034C      [67]    _displayTemp
0x038F      [55]    _ReadTemp
0x03C6      [64]    _Lcd_Out
0x0406      [18]    _ADC_Init
0x0418      [12]    ___CC2DW
0x0424      [78]    _Lcd_Init
0x0472      [69]    _main
//** Variables locations ** 
//ADDRESS    SIZE    VARIABLE
//----------------------------------------------
0x0000       [1]    INDF
0x0002       [1]    PCL
0x0003       [1]    STATUS
0x0004       [1]    FSR
0x0005       [1]    PORTA
0x0006       [0]    LCD_EN
0x0006       [0]    LCD_RS
0x0006       [0]    LCD_D4
0x0006       [0]    LCD_D7
0x0006       [0]    LCD_D6
0x0006       [0]    LCD_D5
0x0006       [0]    RB1_bit
0x0006       [0]    RB0_bit
0x0006       [0]    RB2_bit
0x0006       [0]    RB5_bit
0x0006       [0]    RB4_bit
0x0006       [0]    RB3_bit
0x0007       [1]    PORTC
0x000A       [1]    PCLATH
0x001E       [1]    ADRESH
0x001F       [1]    ADCON0
0x0020       [1]    __math_tempbD
0x0021      [12]    ?lstr2_real
0x002D      [14]    ?lstr1_real
0x003B      [13]    ?lstr3_real
0x0048       [0]    __Lib_Lcd_cmd_status
0x0049       [3]    _ADC_Get_Sample_Ptr
0x004C       [2]    ___DoICPAddr
0x004E       [4]    _dgtl
0x0052       [2]    _temp
0x0054       [4]    _anlg
0x0058       [1]    FARG_Lcd_Out_row
0x0059       [1]    FARG_Lcd_Out_column
0x005A       [1]    FARG_Lcd_Out_text
0x005B       [1]    Lcd_Out_i_L0
0x005C       [1]    FARG_ADC_Read_channel
0x005C       [1]    FARG_Lcd_Chr_row
0x005C       [1]    FARG_Lcd_Chr_CP_out_char
0x005D       [1]    FARG_Lcd_Chr_column
0x005E       [1]    FARG_Lcd_Chr_out_char
0x005F       [1]    FARG_Lcd_Cmd_out_char
0x0070       [1]    R0
0x0071       [1]    R1
0x0072       [1]    R2
0x0073       [1]    R3
0x0074       [1]    R4
0x0075       [1]    R5
0x0076       [1]    R6
0x0077       [1]    R7
0x0078       [1]    R8
0x0079       [1]    R9
0x007A       [1]    R10
0x007B       [1]    R11
0x007C       [1]    R12
0x007D       [1]    R13
0x007E       [1]    R14
0x007F       [1]    R15
0x0086       [0]    TRISB5_bit
0x0086       [0]    TRISB4_bit
0x0086       [0]    TRISB1_bit
0x0086       [0]    TRISB0_bit
0x0086       [0]    TRISB3_bit
0x0086       [0]    TRISB2_bit
0x0086       [0]    LCD_EN_Direction
0x0086       [0]    LCD_RS_Direction
0x0086       [0]    LCD_D4_Direction
0x0086       [0]    LCD_D7_Direction
0x0086       [0]    LCD_D6_Direction
0x0086       [0]    LCD_D5_Direction
0x0087       [1]    TRISC
0x009E       [1]    ADRESL
0x009F       [1]    ADCON1
//** Constants locations ** 
//ADDRESS    SIZE    CONSTANT
//----------------------------------------------
0x04BD      [12]    ?ICS?lstr2_real
0x04C9      [14]    ?ICS?lstr1_real
0x04D7      [13]    ?ICS?lstr3_real
//** Label List: ** 
//----------------------------------------------
  L_main0
  L_main1
  L_main2
  L_end_main
  _main
  L_end_ReadTemp
  _ReadTemp
  L_end_displayTemp
  _displayTemp
  L_ADC_Get_Sample0
  L_ADC_Get_Sample1
  L_ADC_Read2
  L_ADC_Read3
  L_end_ADC_Init
  _ADC_Init
  L_end_ADC_Get_Sample
  _ADC_Get_Sample
  L_end_ADC_Read
  _ADC_Read
  L_Delay_10us0
  L_Delay_22us1
  L_Delay_50us2
  L_Delay_80us3
  L_Delay_500us4
  L_Delay_5500us5
  L_Delay_1ms6
  L_Delay_5ms7
  L_Delay_8ms8
  L_Delay_10ms9
  L_Delay_100ms10
  L_Delay_1sec11
  L_boot16_Delay_5ms12
  L_Delay_Cyc13
  L_Delay_Cyc14
  L_VDelay_ms15
  L_VDelay_ms16
  L_VDelay_ms17
  L_VDelay_Advanced_ms18
  L_VDelay_Advanced_ms19
  L_VDelay_Advanced_ms20
  L_end_Get_Fosc_kHz
  _Get_Fosc_kHz
  L_end_Delay_1us
  _Delay_1us
  L_end_Delay_10us
  _Delay_10us
  L_end_Delay_22us
  _Delay_22us
  L_end_Delay_50us
  _Delay_50us
  L_end_Delay_80us
  _Delay_80us
  L_end_Delay_500us
  _Delay_500us
  L_end_Delay_5500us
  _Delay_5500us
  L_end_Delay_1ms
  _Delay_1ms
  L_end_Delay_5ms
  _Delay_5ms
  L_end_Delay_8ms
  _Delay_8ms
  L_end_Delay_10ms
  _Delay_10ms
  L_end_Delay_100ms
  _Delay_100ms
  L_end_Delay_1sec
  _Delay_1sec
  L_end_boot16_Delay_5ms
  _boot16_Delay_5ms
  L_end_Delay_Cyc
  _Delay_Cyc
  L_end_VDelay_ms
  _VDelay_ms
  L__VDelay_ms38
  L__VDelay_ms39
  L__VDelay_ms40
  L_end_VDelay_Advanced_ms
  _VDelay_Advanced_ms
  L__VDelay_Advanced_ms42
  L__VDelay_Advanced_ms43
  L__VDelay_Advanced_ms44
  L_Lcd_Cmd0
  L_Lcd_Cmd1
  L_Lcd_Out_CP2
  L_Lcd_Out_CP3
  L_Lcd_Chr4
  L_Lcd_Chr5
  L_Lcd_Chr6
  L_Lcd_Chr7
  L_Lcd_Chr8
  L_Lcd_Chr9
  L_Lcd_Chr10
  L_Lcd_Out11
  L_Lcd_Out12
  L_Lcd_Out13
  L_Lcd_Out14
  L_Lcd_Out15
  L_Lcd_Out16
  L_Lcd_Out17
  L_Lcd_Out18
  L_Lcd_Out19
  L_end_Lcd_Cmd
  _Lcd_Cmd
  L__Lcd_Cmd21
  L__Lcd_Cmd22
  L__Lcd_Cmd23
  L__Lcd_Cmd24
  L__Lcd_Cmd25
  L__Lcd_Cmd26
  L__Lcd_Cmd27
  L__Lcd_Cmd28
  L__Lcd_Cmd29
  L__Lcd_Cmd30
  L__Lcd_Cmd31
  L__Lcd_Cmd32
  L__Lcd_Cmd33
  L__Lcd_Cmd34
  L__Lcd_Cmd35
  L__Lcd_Cmd36
  L__Lcd_Cmd37
  L__Lcd_Cmd38
  L__Lcd_Cmd39
  L__Lcd_Cmd40
  L_end_Lcd_Chr_CP
  _Lcd_Chr_CP
  L_end_Lcd_Out_CP
  _Lcd_Out_CP
  L_end_Lcd_Chr
  _Lcd_Chr
  L_end_Lcd_Init
  _Lcd_Init
  L_end_Lcd_Out
  _Lcd_Out
  L_Div_16x16_S0
  L_Div_16x16_S1
  LOOPS3232A
  SADD22LA
  SOK22LA
  SADD22L8
  SOK22L8
  LOOPS3232B
  SADD22LB
  SOK22LB
  SADD22L16
  SOK22L16
  LOOPS3232C
  SADD22LC
  SOK22LC
  SADD22L24
  SOK22L24
  LOOPS3232D
  SADD22LD
  SOK22LD
  SOK22L
  L_Div_32x32_S6
  L_Div_32x32_S7
  L_Div_32x32_S8
  L_Div_32x32_S9
  FXD3232S
  END_ALL
  CA3232S
  C3232SX
  C3232SX1
  C3232S
  C3232S2
  C3232SX4
  C3232SOK
  C3232SX3
  C3232SX2
  avoid_comfrem
  LOOPU3232A
  UADD22LA
  UOK22LA
  UADD22L8
  UOK22L8
  LOOPU3232B
  UADD22LB
  UOK22LB
  UADD22L16
  UOK22L16
  LOOPU3232C
  UADD22LC
  UOK22LC
  UADD22L24
  UOK22L24
  LOOPU3232D
  UADD22LD
  UOK22LD
  UOK22L
  _NEXT
  _EXIT2
  _LOOP
  _EXIT1
  _IF_FIRST
  _IF_SECOND
  _INVERCE_FIRST
  _MULT
  _INBERSE_SECOND
  _EXIT
  L_end_Mul_8X8_U
  _Mul_8X8_U
  L_end_Mul_16X16_U
  _Mul_16X16_U
  L_end_Div_8X8_U
  _Div_8X8_U
  L_end_Div_16X16_U
  _Div_16X16_U
  L_end_Mul_8X8_S
  _Mul_8X8_S
  L_end_Mul_16X16_S
  _Mul_16X16_S
  L_end_Div_16x16_S_L
  _Div_16x16_S_L
  L_end_Div_16x16_S
  _Div_16x16_S
  L_end_Div_8X8_S
  _Div_8X8_S
  L_end_SDIV3232L
  _SDIV3232L
  L_end_COMFREM
  _COMFREM
  L_end_Div_32x32_S
  _Div_32x32_S
  L_end_Div_32x32_U
  _Div_32x32_U
  L_end_Mul_32x32_U
  _Mul_32x32_U
  L_end_Mul_32x32_S
  _Mul_32x32_S
  SETFOV32EEE
  SETFUN32EEE
  NORM3232
  JPNRES032
  JPNSETFUN32
  NORM3232A
  JMPNFIXSIGN32
  NORM32EEE
  NRMRND4032
  NRM4032
  JMPSETFOV32
  NORM4032
  JMPRES032
  JMPSETFUN32
  NORM4032A
  JMPFIXSIGN32
  NRM4032EEE
  USEA32
  JMPEEE
  ALIGNED32
  ALIGNB32
  ALOOPB32
  AOK32
  ACOMP32
  JMPNRMRND4032
  ADD_JMPSETFOV32
  JMPNRM4032
  JMPNRM32
  ADD32EEE
  FPM32
  JPMRES032
  M32BNE0
  MTUN32
  JPMSETFOV32
  MOK32
  JPMSETFUN32
  MLOOP32
  MNOADD32
  MADD32
  MROUND32
  MUL32OK
  MUL32EEE
  L_Div_32x32_FP7
  L_Div_32x32_FP8
  L_Div_32x32_FP9
  L_Div_32x32_FP10
  FPD32
  JPDSETFDZ32
  JPDRES032
  D32BNE0
  TALIGN32
  TS1ALIGN32
  TS2ALIGN32
  DALIGN32OK
  ALTB32
  AGEB32
  JPDSETFOV32
  DARGOK32
  JPDSETFUN32
  DLOOP32
  DS132
  DS232
  DREST32
  DOK32
  DAREST32
  DROUND32
  DIV32OK
  DIV32EEE
  SETIOV3224EEE
  INT3232U
  INT3232UEOK
  SETEXP32U
  SETIOV32U
  TSHIFT3232U
  SHIFT3232UOK
  SHIFT3232U
  INT3232UOK
  JPLSETIOV3224
  IRES032U
  INT3232UEER
  INT3232UEEE
  L_Double2Longword_0
  INT3232
  INT3232EOK
  SETIOV32
  TSHIFT3232
  SHIFT3232OK
  SHIFT3232
  INT3232OK
  JPISETIOV3224
  IRES032
  INT3232EER
  INT3232EEE
  L_Double2Longint_0
  INT3216
  IRES016
  SETIOV16
  TSHIFT3216
  SHIFT3216OK
  SHIFT3216
  INT3216OK
  JPJSETIOV3224
  INT3216EOK
  INT3216EER
  INT3216EEE
  L_Double2Int_0
  INT3216U
  IRES016U
  SETEXP16U
  SETIOV16U
  TSHIFT3216U
  SHIFT3216UOK
  SHIFT3216U
  INT3216UOK
  JPKSETIOV3224
  INT3216UEOK
  INT3216UEER
  INT3216UEEE
  L_Double2Word_0
  INT32U08
  IRES008
  SETEXP08
  SETIOV08
  TSHIFT3208
  SHIFT3208OK
  SHIFT3208
  INT3208OK
  D2B_JPKSETIOV3224
  INT3208EOK
  INT3208EER
  INT3208EEE
  L_Double2Byte_0
  FLO08U32
  FLO1632
  FLO1632EEE
  FLO16U32
  FLO3232
  FLO3232EEE
  FLO32U32
  EQU_FALSE
  COMPARE_EQU
  COMPARE_NOTZERO
  COMPARE_XNOTZERO
  COMPARE_YNOTZERO
  COMPARE_LT
  COMPARE_GT
  COMPARE_TESTALL
  COMPARE_C1
  GT_FALSE
  GT_TRUE
  COMPARE_C2
  COMPARE_C3
  L_end_SETFOV32
  _SETFOV32
  L_end_SETFDZ32
  _SETFDZ32
  L_end_FIXSIGN32
  _FIXSIGN32
  L_end_RES032
  _RES032
  L_end_SETFUN32
  _SETFUN32
  L_end_NRM3232
  _NRM3232
  L_end_NRM4032
  _NRM4032
  L_end_Add_32x32_FP
  _Add_32x32_FP
  L_end_Sub_32x32_FP
  _Sub_32x32_FP
  L_end_Mul_32x32_FP
  _Mul_32x32_FP
  L_end_Div_32x32_FP
  _Div_32x32_FP
  L_end_SETIOV3224
  _SETIOV3224
  L_end_double2longword
  _double2longword
  L_end_double2longint
  _double2longint
  L_end_double2int
  _double2int
  L_end_double2word
  _double2word
  L_end_double2byte
  _double2byte
  L_end_byte2double
  _byte2double
  L_end_int2double
  _int2double
  L_end_word2double
  _word2double
  L_end_longint2double
  _longint2double
  L_end_longword2double
  _longword2double
  L_end_Equals_Double
  _Equals_Double
  L_end_Compare_Double
  _Compare_Double
  L_loopCA2AWs
  L_CA2AWend
  _CCA2AW_Loop1
  L_loopCS2Ss
  L_CS2Send
  _CCS2S_Loop1
  L_CCS2Send
  L_loopFZinSWs
  L_FZinSend
  _CC2D_Loop1
  L_end_____DoICP
  _____DoICP
  L_end_____DoIFC
  _____DoIFC
  L_end___CA2AW
  ___CA2AW
  L_end___CCA2AW
  ___CCA2AW
  L_end___CS2S
  ___CS2S
  L_end___CCS2S
  ___CCS2S
  L_end___FZinS
  ___FZinS
  L_end___CC2DW
  ___CC2DW
  L_end_Swap
  _Swap
